TN:
SF:/home/noopur/Blockchain_Training/gnosis/contracts/gnosisWallet.sol
FN:7,constructor
FNF:1
FNH:1
FNDA:12,constructor
LF:0
LH:0
BRF:0
BRH:0
end_of_record
TN:
SF:/home/noopur/Blockchain_Training/gnosis/contracts/MultiSigWallet.sol
FN:34,onlyWallet
FN:40,ownerDoesNotExist
FN:46,ownerExists
FN:52,transactionExists
FN:58,confirmed
FN:64,notConfirmed
FN:70,notExecuted
FN:76,notNull
FN:83,validRequirement
FN:96,
FN:109,constructor
FN:124,msgsender
FN:129,addOwner
FN:145,removeOwner
FN:165,replaceOwner
FN:184,changeRequirement
FN:198,submitTransaction
FN:208,confirmTransaction
FN:221,revokeConfirmation
FN:233,executeTransaction
FN:253,isConfirmed
FN:275,addTransaction
FN:297,getConfirmationCount
FN:311,getTransactionCount
FN:324,getOwners
FN:335,getConfirmations
FN:359,getTransactionIds
FNF:27
FNH:27
FNDA:11,onlyWallet
FNDA:5,ownerDoesNotExist
FNDA:30,ownerExists
FNDA:20,transactionExists
FNDA:5,confirmed
FNDA:18,notConfirmed
FNDA:20,notExecuted
FNDA:13,notNull
FNDA:20,validRequirement
FNDA:2,
FNDA:14,constructor
FNDA:1,msgsender
FNDA:2,addOwner
FNDA:2,removeOwner
FNDA:1,replaceOwner
FNDA:2,changeRequirement
FNDA:11,submitTransaction
FNDA:16,confirmTransaction
FNDA:1,revokeConfirmation
FNDA:17,executeTransaction
FNDA:17,isConfirmed
FNDA:9,addTransaction
FNDA:1,getConfirmationCount
FNDA:3,getTransactionCount
FNDA:2,getOwners
FNDA:1,getConfirmations
FNDA:2,getTransactionIds
DA:35,11
DA:36,2
DA:37,9
DA:41,5
DA:42,2
DA:43,3
DA:47,30
DA:48,2
DA:49,28
DA:53,20
DA:54,2
DA:55,18
DA:59,5
DA:60,2
DA:61,3
DA:65,18
DA:66,2
DA:67,16
DA:71,20
DA:72,2
DA:73,18
DA:77,13
DA:78,2
DA:80,11
DA:84,20
DA:88,2
DA:91,18
DA:99,2
DA:100,1
DA:113,14
DA:114,27
DA:115,2
DA:116,25
DA:118,12
DA:119,12
DA:125,1
DA:137,2
DA:138,2
DA:139,2
DA:150,2
DA:151,2
DA:152,3
DA:153,1
DA:154,1
DA:156,2
DA:157,2
DA:158,1
DA:159,2
DA:171,1
DA:172,2
DA:173,1
DA:174,1
DA:176,1
DA:177,1
DA:178,1
DA:179,1
DA:189,2
DA:190,2
DA:202,11
DA:203,9
DA:214,16
DA:215,16
DA:216,16
DA:227,1
DA:228,1
DA:237,17
DA:238,8
DA:239,8
DA:240,8
DA:241,8
DA:242,6
DA:244,2
DA:245,2
DA:258,17
DA:259,17
DA:260,36
DA:261,25
DA:262,36
DA:263,8
DA:280,9
DA:281,9
DA:287,9
DA:288,9
DA:302,1
DA:303,2
DA:304,1
DA:316,3
DA:317,3
DA:319,2
DA:329,2
DA:340,1
DA:341,1
DA:342,1
DA:343,1
DA:344,2
DA:345,1
DA:346,1
DA:348,1
DA:349,1
DA:350,1
DA:364,2
DA:365,2
DA:366,2
DA:367,2
DA:368,6
DA:371,3
DA:372,3
DA:374,2
DA:375,2
DA:376,2
LF:110
LH:110
BRDA:35,1,0,2
BRDA:35,1,1,9
BRDA:41,2,0,2
BRDA:41,2,1,3
BRDA:47,3,0,2
BRDA:47,3,1,28
BRDA:53,4,0,2
BRDA:53,4,1,18
BRDA:59,5,0,2
BRDA:59,5,1,3
BRDA:65,6,0,2
BRDA:65,6,1,16
BRDA:71,7,0,2
BRDA:71,7,1,18
BRDA:77,8,0,2
BRDA:77,8,1,11
BRDA:84,9,0,2
BRDA:84,9,1,18
BRDA:99,10,0,1
BRDA:99,10,1,1
BRDA:114,11,0,2
BRDA:114,11,1,25
BRDA:152,12,0,1
BRDA:152,12,1,2
BRDA:157,13,0,1
BRDA:157,13,1,1
BRDA:172,14,0,1
BRDA:172,14,1,1
BRDA:237,15,0,8
BRDA:237,15,1,9
BRDA:241,16,0,6
BRDA:241,16,1,2
BRDA:260,17,0,25
BRDA:260,17,1,11
BRDA:262,18,0,8
BRDA:262,18,1,28
BRDA:303,19,0,1
BRDA:303,19,1,1
BRDA:317,20,0,2
BRDA:317,20,1,1
BRDA:344,21,0,1
BRDA:344,21,1,1
BRDA:368,22,0,3
BRDA:368,22,1,3
BRF:44
BRH:44
end_of_record
