TN:
SF:/home/noopur/Blockchain_Training/gnosis/contracts/gnosisWallet.sol
FN:8,constructor
FNF:1
FNH:1
FNDA:2,constructor
DA:10,2
DA:11,2
LF:2
LH:2
BRF:0
BRH:0
end_of_record
TN:
SF:/home/noopur/Blockchain_Training/gnosis/contracts/MultiSigWallet.sol
FN:34,onlyWallet
FN:40,ownerDoesNotExist
FN:46,ownerExists
FN:52,transactionExists
FN:58,confirmed
FN:64,notConfirmed
FN:70,notExecuted
FN:76,notNull
FN:82,validRequirement
FN:92,
FN:105,constructor
FN:118,msgsender
FN:124,addOwner
FN:140,removeOwner
FN:160,replaceOwner
FN:179,changeRequirement
FN:193,submitTransaction
FN:203,confirmTransaction
FN:216,revokeConfirmation
FN:228,executeTransaction
FN:248,isConfirmed
FN:270,addTransaction
FN:292,getConfirmationCount
FN:306,getTransactionCount
FN:319,getOwners
FN:330,getConfirmations
FN:354,getTransactionIds
FNF:27
FNH:5
FNDA:0,onlyWallet
FNDA:4,ownerDoesNotExist
FNDA:0,ownerExists
FNDA:0,transactionExists
FNDA:0,confirmed
FNDA:0,notConfirmed
FNDA:0,notExecuted
FNDA:4,notNull
FNDA:6,validRequirement
FNDA:0,
FNDA:2,constructor
FNDA:0,msgsender
FNDA:4,addOwner
FNDA:0,removeOwner
FNDA:0,replaceOwner
FNDA:0,changeRequirement
FNDA:0,submitTransaction
FNDA:0,confirmTransaction
FNDA:0,revokeConfirmation
FNDA:0,executeTransaction
FNDA:0,isConfirmed
FNDA:0,addTransaction
FNDA:0,getConfirmationCount
FNDA:0,getTransactionCount
FNDA:0,getOwners
FNDA:0,getConfirmations
FNDA:0,getTransactionIds
DA:35,0
DA:36,0
DA:37,0
DA:41,4
DA:42,0
DA:43,4
DA:47,0
DA:48,0
DA:49,0
DA:53,0
DA:54,0
DA:55,0
DA:59,0
DA:60,0
DA:61,0
DA:65,0
DA:66,0
DA:67,0
DA:71,0
DA:72,0
DA:73,0
DA:77,4
DA:78,0
DA:79,4
DA:83,6
DA:87,0
DA:88,6
DA:95,0
DA:96,0
DA:109,2
DA:110,0
DA:111,0
DA:112,0
DA:114,2
DA:115,2
DA:119,0
DA:132,4
DA:133,4
DA:134,4
DA:145,0
DA:146,0
DA:147,0
DA:148,0
DA:149,0
DA:151,0
DA:152,0
DA:153,0
DA:154,0
DA:166,0
DA:167,0
DA:168,0
DA:169,0
DA:171,0
DA:172,0
DA:173,0
DA:174,0
DA:184,0
DA:185,0
DA:197,0
DA:198,0
DA:209,0
DA:210,0
DA:211,0
DA:222,0
DA:223,0
DA:232,0
DA:233,0
DA:234,0
DA:235,0
DA:236,0
DA:237,0
DA:239,0
DA:240,0
DA:253,0
DA:254,0
DA:255,0
DA:256,0
DA:257,0
DA:258,0
DA:275,0
DA:276,0
DA:282,0
DA:283,0
DA:297,0
DA:298,0
DA:299,0
DA:311,0
DA:312,0
DA:314,0
DA:324,0
DA:335,0
DA:336,0
DA:337,0
DA:338,0
DA:339,0
DA:340,0
DA:341,0
DA:343,0
DA:344,0
DA:345,0
DA:359,0
DA:360,0
DA:361,0
DA:362,0
DA:363,0
DA:366,0
DA:367,0
DA:369,0
DA:370,0
DA:371,0
LF:110
LH:12
BRDA:35,1,0,0
BRDA:35,1,1,0
BRDA:41,2,0,0
BRDA:41,2,1,4
BRDA:47,3,0,0
BRDA:47,3,1,0
BRDA:53,4,0,0
BRDA:53,4,1,0
BRDA:59,5,0,0
BRDA:59,5,1,0
BRDA:65,6,0,0
BRDA:65,6,1,0
BRDA:71,7,0,0
BRDA:71,7,1,0
BRDA:77,8,0,0
BRDA:77,8,1,4
BRDA:83,9,0,0
BRDA:83,9,1,6
BRDA:95,10,0,0
BRDA:95,10,1,0
BRDA:110,11,0,0
BRDA:110,11,1,0
BRDA:147,12,0,0
BRDA:147,12,1,0
BRDA:152,13,0,0
BRDA:152,13,1,0
BRDA:167,14,0,0
BRDA:167,14,1,0
BRDA:232,15,0,0
BRDA:232,15,1,0
BRDA:236,16,0,0
BRDA:236,16,1,0
BRDA:255,17,0,0
BRDA:255,17,1,0
BRDA:257,18,0,0
BRDA:257,18,1,0
BRDA:298,19,0,0
BRDA:298,19,1,0
BRDA:312,20,0,0
BRDA:312,20,1,0
BRDA:339,21,0,0
BRDA:339,21,1,0
BRDA:363,22,0,0
BRDA:363,22,1,0
BRF:44
BRH:3
end_of_record
