TN:
SF:/home/noopur/Blockchain_Training/ERC721/contracts/debug/Address.sol
FN:17,isContract
FNF:1
FNH:1
FNDA:3,isContract
DA:22,3
DA:24,3
DA:25,3
LF:3
LH:3
BRF:0
BRH:0
end_of_record
TN:
SF:/home/noopur/Blockchain_Training/ERC721/contracts/debug/Counters.sol
FN:26,current
FN:30,increment
FN:34,decrement
FNF:3
FNH:3
FNDA:4,current
FNDA:34,increment
FNDA:6,decrement
DA:27,4
DA:31,34
DA:35,6
LF:3
LH:3
BRF:0
BRH:0
end_of_record
TN:
SF:/home/noopur/Blockchain_Training/ERC721/contracts/debug/ERC165.sol
FN:22,constructor
FN:33,supportsInterface
FN:48,_registerInterface
FNF:3
FNH:3
FNDA:25,constructor
FNDA:1,supportsInterface
FNDA:101,_registerInterface
DA:25,25
DA:34,1
DA:49,101
DA:50,101
LF:4
LH:4
BRDA:49,1,0,101
BRDA:49,1,1,0
BRF:2
BRH:1
end_of_record
TN:
SF:/home/noopur/Blockchain_Training/ERC721/contracts/debug/ERC721.sol
FN:51,constructor
FN:61,balanceOf
FN:72,ownerOf
FN:87,approve
FN:105,getApproved
FN:117,setApprovalForAll
FN:130,isApprovedForAll
FN:142,transferFrom
FN:160,safeTransferFrom
FN:176,safeTransferFrom
FN:186,_exists
FN:198,_isApprovedOrOwner
FN:210,_mint
FN:227,_burn
FN:243,_burn
FN:254,_transferFrom
FN:279,_checkOnERC721Received
FN:294,_clearApproval
FNF:18
FNH:18
FNDA:25,constructor
FNDA:5,balanceOf
FNDA:39,ownerOf
FNDA:7,approve
FNDA:6,getApproved
FNDA:3,setApprovalForAll
FNDA:7,isApprovedForAll
FNDA:12,transferFrom
FNDA:3,safeTransferFrom
FNDA:3,safeTransferFrom
FNDA:88,_exists
FNDA:16,_isApprovedOrOwner
FNDA:34,_mint
FNDA:4,_burn
FNDA:2,_burn
FNDA:8,_transferFrom
FNDA:3,_checkOnERC721Received
FNDA:6,_clearApproval
DA:53,25
DA:62,5
DA:64,4
DA:73,39
DA:74,39
DA:76,38
DA:88,7
DA:89,7
DA:91,5
DA:95,3
DA:96,3
DA:106,6
DA:108,5
DA:118,3
DA:120,1
DA:121,1
DA:131,7
DA:144,12
DA:146,8
DA:161,3
DA:177,3
DA:178,3
DA:187,88
DA:188,88
DA:199,16
DA:200,14
DA:201,14
DA:211,34
DA:212,32
DA:214,30
DA:215,30
DA:217,30
DA:228,4
DA:230,2
DA:232,2
DA:233,2
DA:235,2
DA:244,2
DA:255,8
DA:256,6
DA:258,4
DA:260,4
DA:261,4
DA:263,4
DA:265,4
DA:282,3
DA:283,3
DA:286,0
DA:287,0
DA:295,6
DA:296,1
LF:51
LH:49
BRDA:62,1,0,4
BRDA:62,1,1,1
BRDA:74,2,0,38
BRDA:74,2,1,1
BRDA:89,3,0,5
BRDA:89,3,1,2
BRDA:91,4,0,3
BRDA:91,4,1,2
BRDA:106,5,0,5
BRDA:106,5,1,1
BRDA:118,6,0,1
BRDA:118,6,1,2
BRDA:144,7,0,8
BRDA:144,7,1,4
BRDA:178,8,0,3
BRDA:178,8,1,0
BRDA:199,9,0,14
BRDA:199,9,1,2
BRDA:211,10,0,32
BRDA:211,10,1,2
BRDA:212,11,0,30
BRDA:212,11,1,2
BRDA:228,12,0,2
BRDA:228,12,1,2
BRDA:255,13,0,6
BRDA:255,13,1,2
BRDA:256,14,0,4
BRDA:256,14,1,2
BRDA:282,15,0,3
BRDA:282,15,1,0
BRDA:295,16,0,1
BRDA:295,16,1,5
BRF:32
BRH:30
end_of_record
TN:
SF:/home/noopur/Blockchain_Training/ERC721/contracts/debug/ERC721Burnable.sol
FN:14,burn
FNF:1
FNH:1
FNDA:4,burn
DA:16,4
DA:17,2
LF:2
LH:2
BRDA:16,1,0,2
BRDA:16,1,1,2
BRF:2
BRH:2
end_of_record
TN:
SF:/home/noopur/Blockchain_Training/ERC721/contracts/debug/ERC721Enumerable.sol
FN:36,constructor
FN:47,tokenOfOwnerByIndex
FN:56,totalSupply
FN:66,tokenByIndex
FN:78,_transferFrom
FN:92,_mint
FN:107,_burn
FN:122,_tokensOfOwner
FN:131,_addTokenToOwnerEnumeration
FN:140,_addTokenToAllTokensEnumeration
FN:153,_removeTokenFromOwnerEnumeration
FN:180,_removeTokenFromAllTokensEnumeration
FNF:12
FNH:12
FNDA:25,constructor
FNDA:2,tokenOfOwnerByIndex
FNDA:3,totalSupply
FNDA:2,tokenByIndex
FNDA:8,_transferFrom
FNDA:34,_mint
FNDA:4,_burn
FNDA:1,_tokensOfOwner
FNDA:34,_addTokenToOwnerEnumeration
FNDA:30,_addTokenToAllTokensEnumeration
FNDA:6,_removeTokenFromOwnerEnumeration
FNDA:2,_removeTokenFromAllTokensEnumeration
DA:38,25
DA:48,2
DA:49,1
DA:57,3
DA:67,2
DA:68,1
DA:79,8
DA:81,4
DA:83,4
DA:93,34
DA:95,30
DA:97,30
DA:108,4
DA:110,2
DA:112,2
DA:114,2
DA:123,1
DA:132,34
DA:133,34
DA:141,30
DA:142,30
DA:157,6
DA:158,6
DA:161,6
DA:162,1
DA:164,1
DA:165,1
DA:169,6
DA:184,2
DA:185,2
DA:190,2
DA:192,2
DA:193,2
DA:196,2
DA:197,2
LF:35
LH:35
BRDA:48,1,0,1
BRDA:48,1,1,1
BRDA:67,2,0,1
BRDA:67,2,1,1
BRDA:161,3,0,1
BRDA:161,3,1,5
BRF:6
BRH:6
end_of_record
TN:
SF:/home/noopur/Blockchain_Training/ERC721/contracts/debug/ERC721Full.sol
FN:14,constructor
FNF:1
FNH:1
FNDA:25,constructor
LF:0
LH:0
BRF:0
BRH:0
end_of_record
TN:
SF:/home/noopur/Blockchain_Training/ERC721/contracts/debug/ERC721Holder.sol
FN:6,onERC721Received
FNF:1
FNH:0
FNDA:0,onERC721Received
DA:7,0
LF:1
LH:0
BRF:0
BRH:0
end_of_record
TN:
SF:/home/noopur/Blockchain_Training/ERC721/contracts/debug/ERC721Metadata.sol
FN:29,constructor
FN:41,name
FN:49,symbol
FN:58,tokenURI
FN:69,_setTokenURI
FN:81,_burn
FNF:6
FNH:6
FNDA:25,constructor
FNDA:1,name
FNDA:1,symbol
FNDA:2,tokenURI
FNDA:32,_setTokenURI
FNDA:4,_burn
DA:30,25
DA:31,25
DA:34,25
DA:42,1
DA:50,1
DA:59,2
DA:60,1
DA:70,32
DA:71,30
DA:82,4
DA:86,2
DA:87,1
LF:12
LH:12
BRDA:59,1,0,1
BRDA:59,1,1,1
BRDA:70,2,0,30
BRDA:70,2,1,2
BRDA:86,3,0,1
BRDA:86,3,1,1
BRF:6
BRH:6
end_of_record
TN:
SF:/home/noopur/Blockchain_Training/ERC721/contracts/debug/IERC165.sol
FNF:0
FNH:0
LF:0
LH:0
BRF:0
BRH:0
end_of_record
TN:
SF:/home/noopur/Blockchain_Training/ERC721/contracts/debug/IERC721.sol
FNF:0
FNH:0
LF:0
LH:0
BRF:0
BRH:0
end_of_record
TN:
SF:/home/noopur/Blockchain_Training/ERC721/contracts/debug/IERC721Enumerable.sol
FNF:0
FNH:0
LF:0
LH:0
BRF:0
BRH:0
end_of_record
TN:
SF:/home/noopur/Blockchain_Training/ERC721/contracts/debug/IERC721Full.sol
FNF:0
FNH:0
LF:0
LH:0
BRF:0
BRH:0
end_of_record
TN:
SF:/home/noopur/Blockchain_Training/ERC721/contracts/debug/IERC721Metadata.sol
FNF:0
FNH:0
LF:0
LH:0
BRF:0
BRH:0
end_of_record
TN:
SF:/home/noopur/Blockchain_Training/ERC721/contracts/debug/IERC721Receiver.sol
FNF:0
FNH:0
LF:0
LH:0
BRF:0
BRH:0
end_of_record
TN:
SF:/home/noopur/Blockchain_Training/ERC721/contracts/debug/Math.sol
FN:10,max
FN:17,min
FN:25,average
FNF:3
FNH:0
FNDA:0,max
FNDA:0,min
FNDA:0,average
DA:11,0
DA:18,0
DA:27,0
LF:3
LH:0
BRF:0
BRH:0
end_of_record
TN:
SF:/home/noopur/Blockchain_Training/ERC721/contracts/debug/SafeMath.sol
FN:26,add
FN:42,sub
FN:58,mul
FN:83,div
FN:103,mod
FNF:5
FNH:1
FNDA:0,add
FNDA:14,sub
FNDA:0,mul
FNDA:0,div
FNDA:0,mod
DA:27,0
DA:28,0
DA:30,0
DA:43,14
DA:44,14
DA:46,14
DA:62,0
DA:63,0
DA:66,0
DA:67,0
DA:69,0
DA:85,0
DA:86,0
DA:89,0
DA:104,0
DA:105,0
LF:16
LH:3
BRDA:28,1,0,0
BRDA:28,1,1,0
BRDA:43,2,0,14
BRDA:43,2,1,0
BRDA:62,3,0,0
BRDA:62,3,1,0
BRDA:67,4,0,0
BRDA:67,4,1,0
BRDA:85,5,0,0
BRDA:85,5,1,0
BRDA:104,6,0,0
BRDA:104,6,1,0
BRF:12
BRH:1
end_of_record
TN:
SF:/home/noopur/Blockchain_Training/ERC721/contracts/Myerc721.sol
FN:11,constructor
FN:17,mintUniqueTokenTo
FN:28,testtokensOfOwner
FN:33,testRegisterInterface
FN:37,testInternalBurn
FN:41,testSetTokenURI
FNF:6
FNH:6
FNDA:25,constructor
FNDA:34,mintUniqueTokenTo
FNDA:1,testtokensOfOwner
FNDA:1,testRegisterInterface
FNDA:2,testInternalBurn
FNDA:2,testSetTokenURI
DA:24,34
DA:25,30
DA:29,1
DA:30,1
DA:34,1
DA:38,2
DA:42,2
LF:7
LH:7
BRF:0
BRH:0
end_of_record
TN:
SF:/home/noopur/Blockchain_Training/ERC721/contracts/testContract_V1.sol
FNF:0
FNH:0
LF:0
LH:0
BRF:0
BRH:0
end_of_record
TN:
SF:/home/noopur/Blockchain_Training/ERC721/contracts/testContract.sol
FNF:0
FNH:0
LF:0
LH:0
BRF:0
BRH:0
end_of_record
