{"contracts/gnosisWallet.sol":{"l":{},"path":"/home/noopur/Blockchain_Training/gnosis/contracts/gnosisWallet.sol","s":{},"b":{},"f":{"1":12},"fnMap":{"1":{"name":"constructor","line":7,"loc":{"start":{"line":7,"column":2},"end":{"line":8,"column":39}}}},"statementMap":{},"branchMap":{}},"contracts/MultiSigWallet.sol":{"l":{"35":11,"36":2,"37":9,"41":5,"42":2,"43":3,"47":30,"48":2,"49":28,"53":20,"54":2,"55":18,"59":5,"60":2,"61":3,"65":18,"66":2,"67":16,"71":20,"72":2,"73":18,"77":13,"78":2,"80":11,"84":20,"88":2,"91":18,"99":2,"100":1,"113":14,"114":27,"115":2,"116":25,"118":12,"119":12,"125":1,"137":2,"138":2,"139":2,"150":2,"151":2,"152":3,"153":1,"154":1,"156":2,"157":2,"158":1,"159":2,"171":1,"172":2,"173":1,"174":1,"176":1,"177":1,"178":1,"179":1,"189":2,"190":2,"202":11,"203":9,"214":16,"215":16,"216":16,"227":1,"228":1,"237":17,"238":8,"239":8,"240":8,"241":8,"242":6,"244":2,"245":2,"258":17,"259":17,"260":36,"261":25,"262":36,"263":8,"280":9,"281":9,"287":9,"288":9,"302":1,"303":2,"304":1,"316":3,"317":3,"319":2,"329":2,"340":1,"341":1,"342":1,"343":1,"344":2,"345":1,"346":1,"348":1,"349":1,"350":1,"364":2,"365":2,"366":2,"367":2,"368":6,"371":3,"372":3,"374":2,"375":2,"376":2},"path":"/home/noopur/Blockchain_Training/gnosis/contracts/MultiSigWallet.sol","s":{"1":11,"2":2,"3":5,"4":2,"5":30,"6":2,"7":20,"8":2,"9":5,"10":2,"11":18,"12":2,"13":20,"14":2,"15":13,"16":2,"17":20,"18":2,"19":2,"20":1,"21":14,"22":27,"23":2,"24":25,"25":12,"26":12,"27":1,"28":2,"29":2,"30":2,"31":2,"32":2,"33":3,"34":1,"35":2,"36":2,"37":1,"38":2,"39":1,"40":2,"41":1,"42":1,"43":1,"44":1,"45":1,"46":2,"47":2,"48":11,"49":9,"50":16,"51":16,"52":16,"53":1,"54":1,"55":17,"56":8,"57":8,"58":8,"59":8,"60":6,"61":2,"62":2,"63":17,"64":17,"65":36,"66":25,"67":36,"68":8,"69":9,"70":9,"71":9,"72":9,"73":1,"74":2,"75":1,"76":3,"77":3,"78":2,"79":2,"80":1,"81":1,"82":1,"83":1,"84":2,"85":1,"86":1,"87":1,"88":1,"89":1,"90":2,"91":2,"92":2,"93":2,"94":6,"95":3,"96":3,"97":2,"98":2,"99":2},"b":{"1":[2,9],"2":[2,3],"3":[2,28],"4":[2,18],"5":[2,3],"6":[2,16],"7":[2,18],"8":[2,11],"9":[2,18],"10":[1,1],"11":[2,25],"12":[1,2],"13":[1,1],"14":[1,1],"15":[8,9],"16":[6,2],"17":[25,11],"18":[8,28],"19":[1,1],"20":[2,1],"21":[1,1],"22":[3,3]},"f":{"1":11,"2":5,"3":30,"4":20,"5":5,"6":18,"7":20,"8":13,"9":20,"10":2,"11":14,"12":1,"13":2,"14":2,"15":1,"16":2,"17":11,"18":16,"19":1,"20":17,"21":17,"22":9,"23":1,"24":3,"25":2,"26":1,"27":2},"fnMap":{"1":{"name":"onlyWallet","line":34,"loc":{"start":{"line":34,"column":4},"end":{"line":34,"column":23}}},"2":{"name":"ownerDoesNotExist","line":40,"loc":{"start":{"line":40,"column":4},"end":{"line":40,"column":43}}},"3":{"name":"ownerExists","line":46,"loc":{"start":{"line":46,"column":4},"end":{"line":46,"column":37}}},"4":{"name":"transactionExists","line":52,"loc":{"start":{"line":52,"column":4},"end":{"line":52,"column":48}}},"5":{"name":"confirmed","line":58,"loc":{"start":{"line":58,"column":4},"end":{"line":58,"column":55}}},"6":{"name":"notConfirmed","line":64,"loc":{"start":{"line":64,"column":4},"end":{"line":64,"column":58}}},"7":{"name":"notExecuted","line":70,"loc":{"start":{"line":70,"column":4},"end":{"line":70,"column":42}}},"8":{"name":"notNull","line":76,"loc":{"start":{"line":76,"column":4},"end":{"line":76,"column":36}}},"9":{"name":"validRequirement","line":83,"loc":{"start":{"line":83,"column":4},"end":{"line":83,"column":60}}},"10":{"name":"","line":96,"loc":{"start":{"line":96,"column":4},"end":{"line":98,"column":5}}},"11":{"name":"constructor","line":109,"loc":{"start":{"line":109,"column":4},"end":{"line":112,"column":5}}},"12":{"name":"msgsender","line":124,"loc":{"start":{"line":124,"column":4},"end":{"line":124,"column":50}}},"13":{"name":"addOwner","line":129,"loc":{"start":{"line":129,"column":4},"end":{"line":135,"column":5}}},"14":{"name":"removeOwner","line":145,"loc":{"start":{"line":145,"column":4},"end":{"line":149,"column":5}}},"15":{"name":"replaceOwner","line":165,"loc":{"start":{"line":165,"column":4},"end":{"line":170,"column":5}}},"16":{"name":"changeRequirement","line":184,"loc":{"start":{"line":184,"column":4},"end":{"line":188,"column":5}}},"17":{"name":"submitTransaction","line":198,"loc":{"start":{"line":198,"column":4},"end":{"line":201,"column":5}}},"18":{"name":"confirmTransaction","line":208,"loc":{"start":{"line":208,"column":4},"end":{"line":213,"column":5}}},"19":{"name":"revokeConfirmation","line":221,"loc":{"start":{"line":221,"column":4},"end":{"line":226,"column":5}}},"20":{"name":"executeTransaction","line":233,"loc":{"start":{"line":233,"column":4},"end":{"line":236,"column":5}}},"21":{"name":"isConfirmed","line":253,"loc":{"start":{"line":253,"column":4},"end":{"line":257,"column":5}}},"22":{"name":"addTransaction","line":275,"loc":{"start":{"line":275,"column":4},"end":{"line":279,"column":5}}},"23":{"name":"getConfirmationCount","line":297,"loc":{"start":{"line":297,"column":4},"end":{"line":301,"column":5}}},"24":{"name":"getTransactionCount","line":311,"loc":{"start":{"line":311,"column":4},"end":{"line":315,"column":5}}},"25":{"name":"getOwners","line":324,"loc":{"start":{"line":324,"column":4},"end":{"line":328,"column":5}}},"26":{"name":"getConfirmations","line":335,"loc":{"start":{"line":335,"column":4},"end":{"line":339,"column":5}}},"27":{"name":"getTransactionIds","line":359,"loc":{"start":{"line":359,"column":4},"end":{"line":363,"column":5}}}},"statementMap":{"1":{"start":{"line":35,"column":8},"end":{"line":35,"column":1224}},"2":{"start":{"line":36,"column":12},"end":{"line":36,"column":41}},"3":{"start":{"line":41,"column":8},"end":{"line":41,"column":1367}},"4":{"start":{"line":42,"column":12},"end":{"line":42,"column":33}},"5":{"start":{"line":47,"column":8},"end":{"line":47,"column":1499}},"6":{"start":{"line":48,"column":12},"end":{"line":48,"column":41}},"7":{"start":{"line":53,"column":8},"end":{"line":53,"column":1650}},"8":{"start":{"line":54,"column":12},"end":{"line":54,"column":48}},"9":{"start":{"line":59,"column":8},"end":{"line":59,"column":1858}},"10":{"start":{"line":60,"column":12},"end":{"line":60,"column":60}},"11":{"start":{"line":65,"column":8},"end":{"line":65,"column":2056}},"12":{"start":{"line":66,"column":12},"end":{"line":66,"column":64}},"13":{"start":{"line":71,"column":8},"end":{"line":71,"column":2223}},"14":{"start":{"line":72,"column":12},"end":{"line":72,"column":50}},"15":{"start":{"line":77,"column":8},"end":{"line":77,"column":2377}},"16":{"start":{"line":78,"column":12},"end":{"line":78,"column":42}},"17":{"start":{"line":84,"column":8},"end":{"line":84,"column":2561}},"18":{"start":{"line":88,"column":16},"end":{"line":88,"column":54}},"19":{"start":{"line":99,"column":8},"end":{"line":99,"column":2905}},"20":{"start":{"line":100,"column":12},"end":{"line":100,"column":47}},"21":{"start":{"line":113,"column":12},"end":{"line":113,"column":3326}},"22":{"start":{"line":114,"column":12},"end":{"line":114,"column":3437}},"23":{"start":{"line":115,"column":16},"end":{"line":115,"column":65}},"24":{"start":{"line":116,"column":12},"end":{"line":116,"column":37}},"25":{"start":{"line":118,"column":8},"end":{"line":118,"column":23}},"26":{"start":{"line":119,"column":8},"end":{"line":119,"column":27}},"27":{"start":{"line":125,"column":8},"end":{"line":125,"column":25}},"28":{"start":{"line":137,"column":8},"end":{"line":137,"column":28}},"29":{"start":{"line":138,"column":8},"end":{"line":138,"column":25}},"30":{"start":{"line":139,"column":8},"end":{"line":139,"column":33}},"31":{"start":{"line":150,"column":8},"end":{"line":150,"column":29}},"32":{"start":{"line":151,"column":8},"end":{"line":151,"column":4406}},"33":{"start":{"line":152,"column":12},"end":{"line":152,"column":4461}},"34":{"start":{"line":153,"column":16},"end":{"line":153,"column":52}},"35":{"start":{"line":156,"column":8},"end":{"line":156,"column":25}},"36":{"start":{"line":157,"column":8},"end":{"line":157,"column":4647}},"37":{"start":{"line":158,"column":12},"end":{"line":158,"column":43}},"38":{"start":{"line":159,"column":8},"end":{"line":159,"column":32}},"39":{"start":{"line":171,"column":8},"end":{"line":171,"column":5094}},"40":{"start":{"line":172,"column":12},"end":{"line":172,"column":5145}},"41":{"start":{"line":173,"column":16},"end":{"line":173,"column":35}},"42":{"start":{"line":176,"column":8},"end":{"line":176,"column":29}},"43":{"start":{"line":177,"column":8},"end":{"line":177,"column":31}},"44":{"start":{"line":178,"column":8},"end":{"line":178,"column":32}},"45":{"start":{"line":179,"column":8},"end":{"line":179,"column":36}},"46":{"start":{"line":189,"column":8},"end":{"line":189,"column":27}},"47":{"start":{"line":190,"column":8},"end":{"line":190,"column":41}},"48":{"start":{"line":202,"column":8},"end":{"line":202,"column":63}},"49":{"start":{"line":203,"column":8},"end":{"line":203,"column":40}},"50":{"start":{"line":214,"column":8},"end":{"line":214,"column":54}},"51":{"start":{"line":215,"column":8},"end":{"line":215,"column":52}},"52":{"start":{"line":216,"column":8},"end":{"line":216,"column":40}},"53":{"start":{"line":227,"column":8},"end":{"line":227,"column":55}},"54":{"start":{"line":228,"column":8},"end":{"line":228,"column":50}},"55":{"start":{"line":237,"column":8},"end":{"line":237,"column":7387}},"56":{"start":{"line":238,"column":12},"end":{"line":238,"column":64}},"57":{"start":{"line":239,"column":12},"end":{"line":239,"column":29}},"58":{"start":{"line":240,"column":12},"end":{"line":240,"column":92}},"59":{"start":{"line":241,"column":13},"end":{"line":241,"column":7631}},"60":{"start":{"line":242,"column":16},"end":{"line":242,"column":45}},"61":{"start":{"line":244,"column":17},"end":{"line":244,"column":53}},"62":{"start":{"line":245,"column":17},"end":{"line":245,"column":35}},"63":{"start":{"line":258,"column":8},"end":{"line":258,"column":22}},"64":{"start":{"line":259,"column":8},"end":{"line":259,"column":8110}},"65":{"start":{"line":260,"column":12},"end":{"line":260,"column":8181}},"66":{"start":{"line":261,"column":16},"end":{"line":261,"column":25}},"67":{"start":{"line":262,"column":12},"end":{"line":262,"column":8267}},"68":{"start":{"line":263,"column":16},"end":{"line":263,"column":27}},"69":{"start":{"line":280,"column":8},"end":{"line":280,"column":39}},"70":{"start":{"line":281,"column":8},"end":{"line":281,"column":8873}},"71":{"start":{"line":287,"column":8},"end":{"line":287,"column":28}},"72":{"start":{"line":288,"column":8},"end":{"line":288,"column":38}},"73":{"start":{"line":302,"column":8},"end":{"line":302,"column":9456}},"74":{"start":{"line":303,"column":12},"end":{"line":303,"column":9507}},"75":{"start":{"line":304,"column":16},"end":{"line":304,"column":25}},"76":{"start":{"line":316,"column":8},"end":{"line":316,"column":9976}},"77":{"start":{"line":317,"column":12},"end":{"line":317,"column":10030}},"78":{"start":{"line":319,"column":16},"end":{"line":319,"column":25}},"79":{"start":{"line":329,"column":8},"end":{"line":329,"column":21}},"80":{"start":{"line":340,"column":8},"end":{"line":340,"column":73}},"81":{"start":{"line":341,"column":8},"end":{"line":341,"column":22}},"82":{"start":{"line":342,"column":8},"end":{"line":342,"column":14}},"83":{"start":{"line":343,"column":8},"end":{"line":343,"column":10784}},"84":{"start":{"line":344,"column":12},"end":{"line":344,"column":10830}},"85":{"start":{"line":345,"column":16},"end":{"line":345,"column":51}},"86":{"start":{"line":346,"column":16},"end":{"line":346,"column":25}},"87":{"start":{"line":348,"column":8},"end":{"line":348,"column":44}},"88":{"start":{"line":349,"column":8},"end":{"line":349,"column":11068}},"89":{"start":{"line":350,"column":12},"end":{"line":350,"column":51}},"90":{"start":{"line":364,"column":8},"end":{"line":364,"column":71}},"91":{"start":{"line":365,"column":8},"end":{"line":365,"column":22}},"92":{"start":{"line":366,"column":8},"end":{"line":366,"column":14}},"93":{"start":{"line":367,"column":8},"end":{"line":367,"column":11741}},"94":{"start":{"line":368,"column":12},"end":{"line":368,"column":11790}},"95":{"start":{"line":371,"column":16},"end":{"line":371,"column":44}},"96":{"start":{"line":372,"column":16},"end":{"line":372,"column":25}},"97":{"start":{"line":374,"column":8},"end":{"line":374,"column":46}},"98":{"start":{"line":375,"column":8},"end":{"line":375,"column":12100}},"99":{"start":{"line":376,"column":12},"end":{"line":376,"column":60}}},"branchMap":{"1":{"line":35,"type":"if","locations":[{"start":{"line":35,"column":8},"end":{"line":35,"column":8}},{"start":{"line":35,"column":8},"end":{"line":35,"column":8}}]},"2":{"line":41,"type":"if","locations":[{"start":{"line":41,"column":8},"end":{"line":41,"column":8}},{"start":{"line":41,"column":8},"end":{"line":41,"column":8}}]},"3":{"line":47,"type":"if","locations":[{"start":{"line":47,"column":8},"end":{"line":47,"column":8}},{"start":{"line":47,"column":8},"end":{"line":47,"column":8}}]},"4":{"line":53,"type":"if","locations":[{"start":{"line":53,"column":8},"end":{"line":53,"column":8}},{"start":{"line":53,"column":8},"end":{"line":53,"column":8}}]},"5":{"line":59,"type":"if","locations":[{"start":{"line":59,"column":8},"end":{"line":59,"column":8}},{"start":{"line":59,"column":8},"end":{"line":59,"column":8}}]},"6":{"line":65,"type":"if","locations":[{"start":{"line":65,"column":8},"end":{"line":65,"column":8}},{"start":{"line":65,"column":8},"end":{"line":65,"column":8}}]},"7":{"line":71,"type":"if","locations":[{"start":{"line":71,"column":8},"end":{"line":71,"column":8}},{"start":{"line":71,"column":8},"end":{"line":71,"column":8}}]},"8":{"line":77,"type":"if","locations":[{"start":{"line":77,"column":8},"end":{"line":77,"column":8}},{"start":{"line":77,"column":8},"end":{"line":77,"column":8}}]},"9":{"line":84,"type":"if","locations":[{"start":{"line":84,"column":8},"end":{"line":84,"column":8}},{"start":{"line":84,"column":8},"end":{"line":84,"column":8}}]},"10":{"line":99,"type":"if","locations":[{"start":{"line":99,"column":8},"end":{"line":99,"column":8}},{"start":{"line":99,"column":8},"end":{"line":99,"column":8}}]},"11":{"line":114,"type":"if","locations":[{"start":{"line":114,"column":12},"end":{"line":114,"column":12}},{"start":{"line":114,"column":12},"end":{"line":114,"column":12}}]},"12":{"line":152,"type":"if","locations":[{"start":{"line":152,"column":12},"end":{"line":152,"column":12}},{"start":{"line":152,"column":12},"end":{"line":152,"column":12}}]},"13":{"line":157,"type":"if","locations":[{"start":{"line":157,"column":8},"end":{"line":157,"column":8}},{"start":{"line":157,"column":8},"end":{"line":157,"column":8}}]},"14":{"line":172,"type":"if","locations":[{"start":{"line":172,"column":12},"end":{"line":172,"column":12}},{"start":{"line":172,"column":12},"end":{"line":172,"column":12}}]},"15":{"line":237,"type":"if","locations":[{"start":{"line":237,"column":8},"end":{"line":237,"column":8}},{"start":{"line":237,"column":8},"end":{"line":237,"column":8}}]},"16":{"line":241,"type":"if","locations":[{"start":{"line":241,"column":13},"end":{"line":241,"column":13}},{"start":{"line":241,"column":13},"end":{"line":241,"column":13}}]},"17":{"line":260,"type":"if","locations":[{"start":{"line":260,"column":12},"end":{"line":260,"column":12}},{"start":{"line":260,"column":12},"end":{"line":260,"column":12}}]},"18":{"line":262,"type":"if","locations":[{"start":{"line":262,"column":12},"end":{"line":262,"column":12}},{"start":{"line":262,"column":12},"end":{"line":262,"column":12}}]},"19":{"line":303,"type":"if","locations":[{"start":{"line":303,"column":12},"end":{"line":303,"column":12}},{"start":{"line":303,"column":12},"end":{"line":303,"column":12}}]},"20":{"line":317,"type":"if","locations":[{"start":{"line":317,"column":12},"end":{"line":317,"column":12}},{"start":{"line":317,"column":12},"end":{"line":317,"column":12}}]},"21":{"line":344,"type":"if","locations":[{"start":{"line":344,"column":12},"end":{"line":344,"column":12}},{"start":{"line":344,"column":12},"end":{"line":344,"column":12}}]},"22":{"line":368,"type":"if","locations":[{"start":{"line":368,"column":12},"end":{"line":368,"column":12}},{"start":{"line":368,"column":12},"end":{"line":368,"column":12}}]}}}}