{"contracts/gnosisWallet.sol":{"l":{"10":2,"11":2},"path":"/home/noopur/Blockchain_Training/gnosis/contracts/gnosisWallet.sol","s":{"1":2,"2":2},"b":{},"f":{"1":2},"fnMap":{"1":{"name":"constructor","line":8,"loc":{"start":{"line":8,"column":4},"end":{"line":9,"column":39}}}},"statementMap":{"1":{"start":{"line":10,"column":8},"end":{"line":10,"column":26}},"2":{"start":{"line":11,"column":8},"end":{"line":11,"column":26}}},"branchMap":{}},"contracts/MultiSigWallet.sol":{"l":{"35":0,"36":0,"37":0,"41":4,"42":0,"43":4,"47":0,"48":0,"49":0,"53":0,"54":0,"55":0,"59":0,"60":0,"61":0,"65":0,"66":0,"67":0,"71":0,"72":0,"73":0,"77":4,"78":0,"79":4,"83":6,"87":0,"88":6,"95":0,"96":0,"109":2,"110":0,"111":0,"112":0,"114":2,"115":2,"119":0,"132":4,"133":4,"134":4,"145":0,"146":0,"147":0,"148":0,"149":0,"151":0,"152":0,"153":0,"154":0,"166":0,"167":0,"168":0,"169":0,"171":0,"172":0,"173":0,"174":0,"184":0,"185":0,"197":0,"198":0,"209":0,"210":0,"211":0,"222":0,"223":0,"232":0,"233":0,"234":0,"235":0,"236":0,"237":0,"239":0,"240":0,"253":0,"254":0,"255":0,"256":0,"257":0,"258":0,"275":0,"276":0,"282":0,"283":0,"297":0,"298":0,"299":0,"311":0,"312":0,"314":0,"324":0,"335":0,"336":0,"337":0,"338":0,"339":0,"340":0,"341":0,"343":0,"344":0,"345":0,"359":0,"360":0,"361":0,"362":0,"363":0,"366":0,"367":0,"369":0,"370":0,"371":0},"path":"/home/noopur/Blockchain_Training/gnosis/contracts/MultiSigWallet.sol","s":{"1":0,"2":0,"3":4,"4":0,"5":0,"6":0,"7":0,"8":0,"9":0,"10":0,"11":0,"12":0,"13":0,"14":0,"15":4,"16":0,"17":6,"18":0,"19":0,"20":0,"21":2,"22":0,"23":0,"24":0,"25":2,"26":2,"27":0,"28":4,"29":4,"30":4,"31":0,"32":0,"33":0,"34":0,"35":0,"36":0,"37":0,"38":0,"39":0,"40":0,"41":0,"42":0,"43":0,"44":0,"45":0,"46":0,"47":0,"48":0,"49":0,"50":0,"51":0,"52":0,"53":0,"54":0,"55":0,"56":0,"57":0,"58":0,"59":0,"60":0,"61":0,"62":0,"63":0,"64":0,"65":0,"66":0,"67":0,"68":0,"69":0,"70":0,"71":0,"72":0,"73":0,"74":0,"75":0,"76":0,"77":0,"78":0,"79":0,"80":0,"81":0,"82":0,"83":0,"84":0,"85":0,"86":0,"87":0,"88":0,"89":0,"90":0,"91":0,"92":0,"93":0,"94":0,"95":0,"96":0,"97":0,"98":0,"99":0},"b":{"1":[0,0],"2":[0,4],"3":[0,0],"4":[0,0],"5":[0,0],"6":[0,0],"7":[0,0],"8":[0,4],"9":[0,6],"10":[0,0],"11":[0,0],"12":[0,0],"13":[0,0],"14":[0,0],"15":[0,0],"16":[0,0],"17":[0,0],"18":[0,0],"19":[0,0],"20":[0,0],"21":[0,0],"22":[0,0]},"f":{"1":0,"2":4,"3":0,"4":0,"5":0,"6":0,"7":0,"8":4,"9":6,"10":0,"11":2,"12":0,"13":4,"14":0,"15":0,"16":0,"17":0,"18":0,"19":0,"20":0,"21":0,"22":0,"23":0,"24":0,"25":0,"26":0,"27":0},"fnMap":{"1":{"name":"onlyWallet","line":34,"loc":{"start":{"line":34,"column":4},"end":{"line":34,"column":23}}},"2":{"name":"ownerDoesNotExist","line":40,"loc":{"start":{"line":40,"column":4},"end":{"line":40,"column":43}}},"3":{"name":"ownerExists","line":46,"loc":{"start":{"line":46,"column":4},"end":{"line":46,"column":37}}},"4":{"name":"transactionExists","line":52,"loc":{"start":{"line":52,"column":4},"end":{"line":52,"column":48}}},"5":{"name":"confirmed","line":58,"loc":{"start":{"line":58,"column":4},"end":{"line":58,"column":55}}},"6":{"name":"notConfirmed","line":64,"loc":{"start":{"line":64,"column":4},"end":{"line":64,"column":58}}},"7":{"name":"notExecuted","line":70,"loc":{"start":{"line":70,"column":4},"end":{"line":70,"column":42}}},"8":{"name":"notNull","line":76,"loc":{"start":{"line":76,"column":4},"end":{"line":76,"column":36}}},"9":{"name":"validRequirement","line":82,"loc":{"start":{"line":82,"column":4},"end":{"line":82,"column":60}}},"10":{"name":"","line":92,"loc":{"start":{"line":92,"column":4},"end":{"line":94,"column":5}}},"11":{"name":"constructor","line":105,"loc":{"start":{"line":105,"column":4},"end":{"line":108,"column":5}}},"12":{"name":"msgsender","line":118,"loc":{"start":{"line":118,"column":4},"end":{"line":118,"column":50}}},"13":{"name":"addOwner","line":124,"loc":{"start":{"line":124,"column":4},"end":{"line":130,"column":5}}},"14":{"name":"removeOwner","line":140,"loc":{"start":{"line":140,"column":4},"end":{"line":144,"column":5}}},"15":{"name":"replaceOwner","line":160,"loc":{"start":{"line":160,"column":4},"end":{"line":165,"column":5}}},"16":{"name":"changeRequirement","line":179,"loc":{"start":{"line":179,"column":4},"end":{"line":183,"column":5}}},"17":{"name":"submitTransaction","line":193,"loc":{"start":{"line":193,"column":4},"end":{"line":196,"column":5}}},"18":{"name":"confirmTransaction","line":203,"loc":{"start":{"line":203,"column":4},"end":{"line":208,"column":5}}},"19":{"name":"revokeConfirmation","line":216,"loc":{"start":{"line":216,"column":4},"end":{"line":221,"column":5}}},"20":{"name":"executeTransaction","line":228,"loc":{"start":{"line":228,"column":4},"end":{"line":231,"column":5}}},"21":{"name":"isConfirmed","line":248,"loc":{"start":{"line":248,"column":4},"end":{"line":252,"column":5}}},"22":{"name":"addTransaction","line":270,"loc":{"start":{"line":270,"column":4},"end":{"line":274,"column":5}}},"23":{"name":"getConfirmationCount","line":292,"loc":{"start":{"line":292,"column":4},"end":{"line":296,"column":5}}},"24":{"name":"getTransactionCount","line":306,"loc":{"start":{"line":306,"column":4},"end":{"line":310,"column":5}}},"25":{"name":"getOwners","line":319,"loc":{"start":{"line":319,"column":4},"end":{"line":323,"column":5}}},"26":{"name":"getConfirmations","line":330,"loc":{"start":{"line":330,"column":4},"end":{"line":334,"column":5}}},"27":{"name":"getTransactionIds","line":354,"loc":{"start":{"line":354,"column":4},"end":{"line":358,"column":5}}}},"statementMap":{"1":{"start":{"line":35,"column":8},"end":{"line":35,"column":1224}},"2":{"start":{"line":36,"column":12},"end":{"line":36,"column":41}},"3":{"start":{"line":41,"column":8},"end":{"line":41,"column":1367}},"4":{"start":{"line":42,"column":12},"end":{"line":42,"column":33}},"5":{"start":{"line":47,"column":8},"end":{"line":47,"column":1499}},"6":{"start":{"line":48,"column":12},"end":{"line":48,"column":41}},"7":{"start":{"line":53,"column":8},"end":{"line":53,"column":1621}},"8":{"start":{"line":54,"column":12},"end":{"line":54,"column":19}},"9":{"start":{"line":59,"column":8},"end":{"line":59,"column":1788}},"10":{"start":{"line":60,"column":12},"end":{"line":60,"column":19}},"11":{"start":{"line":65,"column":8},"end":{"line":65,"column":1941}},"12":{"start":{"line":66,"column":12},"end":{"line":66,"column":19}},"13":{"start":{"line":71,"column":8},"end":{"line":71,"column":2077}},"14":{"start":{"line":72,"column":12},"end":{"line":72,"column":19}},"15":{"start":{"line":77,"column":8},"end":{"line":77,"column":2231}},"16":{"start":{"line":78,"column":12},"end":{"line":78,"column":42}},"17":{"start":{"line":83,"column":8},"end":{"line":83,"column":2403}},"18":{"start":{"line":87,"column":12},"end":{"line":87,"column":50}},"19":{"start":{"line":95,"column":8},"end":{"line":95,"column":2716}},"20":{"start":{"line":96,"column":12},"end":{"line":96,"column":47}},"21":{"start":{"line":109,"column":8},"end":{"line":109,"column":3133}},"22":{"start":{"line":110,"column":12},"end":{"line":110,"column":3204}},"23":{"start":{"line":111,"column":16},"end":{"line":111,"column":25}},"24":{"start":{"line":112,"column":12},"end":{"line":112,"column":37}},"25":{"start":{"line":114,"column":8},"end":{"line":114,"column":23}},"26":{"start":{"line":115,"column":8},"end":{"line":115,"column":27}},"27":{"start":{"line":119,"column":8},"end":{"line":119,"column":25}},"28":{"start":{"line":132,"column":8},"end":{"line":132,"column":28}},"29":{"start":{"line":133,"column":8},"end":{"line":133,"column":25}},"30":{"start":{"line":134,"column":8},"end":{"line":134,"column":33}},"31":{"start":{"line":145,"column":8},"end":{"line":145,"column":29}},"32":{"start":{"line":146,"column":8},"end":{"line":146,"column":4175}},"33":{"start":{"line":147,"column":12},"end":{"line":147,"column":4230}},"34":{"start":{"line":148,"column":16},"end":{"line":148,"column":52}},"35":{"start":{"line":151,"column":8},"end":{"line":151,"column":25}},"36":{"start":{"line":152,"column":8},"end":{"line":152,"column":4416}},"37":{"start":{"line":153,"column":12},"end":{"line":153,"column":43}},"38":{"start":{"line":154,"column":8},"end":{"line":154,"column":32}},"39":{"start":{"line":166,"column":8},"end":{"line":166,"column":4866}},"40":{"start":{"line":167,"column":12},"end":{"line":167,"column":4917}},"41":{"start":{"line":168,"column":16},"end":{"line":168,"column":35}},"42":{"start":{"line":171,"column":8},"end":{"line":171,"column":29}},"43":{"start":{"line":172,"column":8},"end":{"line":172,"column":31}},"44":{"start":{"line":173,"column":8},"end":{"line":173,"column":32}},"45":{"start":{"line":174,"column":8},"end":{"line":174,"column":36}},"46":{"start":{"line":184,"column":8},"end":{"line":184,"column":27}},"47":{"start":{"line":185,"column":8},"end":{"line":185,"column":41}},"48":{"start":{"line":197,"column":8},"end":{"line":197,"column":63}},"49":{"start":{"line":198,"column":8},"end":{"line":198,"column":40}},"50":{"start":{"line":209,"column":8},"end":{"line":209,"column":54}},"51":{"start":{"line":210,"column":8},"end":{"line":210,"column":52}},"52":{"start":{"line":211,"column":8},"end":{"line":211,"column":40}},"53":{"start":{"line":222,"column":8},"end":{"line":222,"column":55}},"54":{"start":{"line":223,"column":8},"end":{"line":223,"column":50}},"55":{"start":{"line":232,"column":8},"end":{"line":232,"column":7161}},"56":{"start":{"line":233,"column":12},"end":{"line":233,"column":64}},"57":{"start":{"line":234,"column":12},"end":{"line":234,"column":29}},"58":{"start":{"line":235,"column":12},"end":{"line":235,"column":92}},"59":{"start":{"line":236,"column":13},"end":{"line":236,"column":7405}},"60":{"start":{"line":237,"column":16},"end":{"line":237,"column":45}},"61":{"start":{"line":239,"column":17},"end":{"line":239,"column":53}},"62":{"start":{"line":240,"column":17},"end":{"line":240,"column":35}},"63":{"start":{"line":253,"column":8},"end":{"line":253,"column":22}},"64":{"start":{"line":254,"column":8},"end":{"line":254,"column":7884}},"65":{"start":{"line":255,"column":12},"end":{"line":255,"column":7955}},"66":{"start":{"line":256,"column":16},"end":{"line":256,"column":25}},"67":{"start":{"line":257,"column":12},"end":{"line":257,"column":8041}},"68":{"start":{"line":258,"column":16},"end":{"line":258,"column":27}},"69":{"start":{"line":275,"column":8},"end":{"line":275,"column":39}},"70":{"start":{"line":276,"column":8},"end":{"line":276,"column":8647}},"71":{"start":{"line":282,"column":8},"end":{"line":282,"column":28}},"72":{"start":{"line":283,"column":8},"end":{"line":283,"column":38}},"73":{"start":{"line":297,"column":8},"end":{"line":297,"column":9230}},"74":{"start":{"line":298,"column":12},"end":{"line":298,"column":9281}},"75":{"start":{"line":299,"column":16},"end":{"line":299,"column":25}},"76":{"start":{"line":311,"column":8},"end":{"line":311,"column":9750}},"77":{"start":{"line":312,"column":12},"end":{"line":312,"column":9804}},"78":{"start":{"line":314,"column":16},"end":{"line":314,"column":25}},"79":{"start":{"line":324,"column":8},"end":{"line":324,"column":21}},"80":{"start":{"line":335,"column":8},"end":{"line":335,"column":73}},"81":{"start":{"line":336,"column":8},"end":{"line":336,"column":22}},"82":{"start":{"line":337,"column":8},"end":{"line":337,"column":14}},"83":{"start":{"line":338,"column":8},"end":{"line":338,"column":10558}},"84":{"start":{"line":339,"column":12},"end":{"line":339,"column":10604}},"85":{"start":{"line":340,"column":16},"end":{"line":340,"column":51}},"86":{"start":{"line":341,"column":16},"end":{"line":341,"column":25}},"87":{"start":{"line":343,"column":8},"end":{"line":343,"column":44}},"88":{"start":{"line":344,"column":8},"end":{"line":344,"column":10842}},"89":{"start":{"line":345,"column":12},"end":{"line":345,"column":51}},"90":{"start":{"line":359,"column":8},"end":{"line":359,"column":71}},"91":{"start":{"line":360,"column":8},"end":{"line":360,"column":22}},"92":{"start":{"line":361,"column":8},"end":{"line":361,"column":14}},"93":{"start":{"line":362,"column":8},"end":{"line":362,"column":11515}},"94":{"start":{"line":363,"column":12},"end":{"line":363,"column":11564}},"95":{"start":{"line":366,"column":16},"end":{"line":366,"column":44}},"96":{"start":{"line":367,"column":16},"end":{"line":367,"column":25}},"97":{"start":{"line":369,"column":8},"end":{"line":369,"column":46}},"98":{"start":{"line":370,"column":8},"end":{"line":370,"column":11874}},"99":{"start":{"line":371,"column":12},"end":{"line":371,"column":60}}},"branchMap":{"1":{"line":35,"type":"if","locations":[{"start":{"line":35,"column":8},"end":{"line":35,"column":8}},{"start":{"line":35,"column":8},"end":{"line":35,"column":8}}]},"2":{"line":41,"type":"if","locations":[{"start":{"line":41,"column":8},"end":{"line":41,"column":8}},{"start":{"line":41,"column":8},"end":{"line":41,"column":8}}]},"3":{"line":47,"type":"if","locations":[{"start":{"line":47,"column":8},"end":{"line":47,"column":8}},{"start":{"line":47,"column":8},"end":{"line":47,"column":8}}]},"4":{"line":53,"type":"if","locations":[{"start":{"line":53,"column":8},"end":{"line":53,"column":8}},{"start":{"line":53,"column":8},"end":{"line":53,"column":8}}]},"5":{"line":59,"type":"if","locations":[{"start":{"line":59,"column":8},"end":{"line":59,"column":8}},{"start":{"line":59,"column":8},"end":{"line":59,"column":8}}]},"6":{"line":65,"type":"if","locations":[{"start":{"line":65,"column":8},"end":{"line":65,"column":8}},{"start":{"line":65,"column":8},"end":{"line":65,"column":8}}]},"7":{"line":71,"type":"if","locations":[{"start":{"line":71,"column":8},"end":{"line":71,"column":8}},{"start":{"line":71,"column":8},"end":{"line":71,"column":8}}]},"8":{"line":77,"type":"if","locations":[{"start":{"line":77,"column":8},"end":{"line":77,"column":8}},{"start":{"line":77,"column":8},"end":{"line":77,"column":8}}]},"9":{"line":83,"type":"if","locations":[{"start":{"line":83,"column":8},"end":{"line":83,"column":8}},{"start":{"line":83,"column":8},"end":{"line":83,"column":8}}]},"10":{"line":95,"type":"if","locations":[{"start":{"line":95,"column":8},"end":{"line":95,"column":8}},{"start":{"line":95,"column":8},"end":{"line":95,"column":8}}]},"11":{"line":110,"type":"if","locations":[{"start":{"line":110,"column":12},"end":{"line":110,"column":12}},{"start":{"line":110,"column":12},"end":{"line":110,"column":12}}]},"12":{"line":147,"type":"if","locations":[{"start":{"line":147,"column":12},"end":{"line":147,"column":12}},{"start":{"line":147,"column":12},"end":{"line":147,"column":12}}]},"13":{"line":152,"type":"if","locations":[{"start":{"line":152,"column":8},"end":{"line":152,"column":8}},{"start":{"line":152,"column":8},"end":{"line":152,"column":8}}]},"14":{"line":167,"type":"if","locations":[{"start":{"line":167,"column":12},"end":{"line":167,"column":12}},{"start":{"line":167,"column":12},"end":{"line":167,"column":12}}]},"15":{"line":232,"type":"if","locations":[{"start":{"line":232,"column":8},"end":{"line":232,"column":8}},{"start":{"line":232,"column":8},"end":{"line":232,"column":8}}]},"16":{"line":236,"type":"if","locations":[{"start":{"line":236,"column":13},"end":{"line":236,"column":13}},{"start":{"line":236,"column":13},"end":{"line":236,"column":13}}]},"17":{"line":255,"type":"if","locations":[{"start":{"line":255,"column":12},"end":{"line":255,"column":12}},{"start":{"line":255,"column":12},"end":{"line":255,"column":12}}]},"18":{"line":257,"type":"if","locations":[{"start":{"line":257,"column":12},"end":{"line":257,"column":12}},{"start":{"line":257,"column":12},"end":{"line":257,"column":12}}]},"19":{"line":298,"type":"if","locations":[{"start":{"line":298,"column":12},"end":{"line":298,"column":12}},{"start":{"line":298,"column":12},"end":{"line":298,"column":12}}]},"20":{"line":312,"type":"if","locations":[{"start":{"line":312,"column":12},"end":{"line":312,"column":12}},{"start":{"line":312,"column":12},"end":{"line":312,"column":12}}]},"21":{"line":339,"type":"if","locations":[{"start":{"line":339,"column":12},"end":{"line":339,"column":12}},{"start":{"line":339,"column":12},"end":{"line":339,"column":12}}]},"22":{"line":363,"type":"if","locations":[{"start":{"line":363,"column":12},"end":{"line":363,"column":12}},{"start":{"line":363,"column":12},"end":{"line":363,"column":12}}]}}}}