TN:
SF:/home/noopur/Blockchain/05Sept_ERC20Token/My_token/contracts/debug/ERC20.sol
FN:41,totalSupply
FN:49,balanceOf
FN:61,transfer
FN:69,allowance
FN:80,approve
FN:97,transferFrom
FN:115,increaseAllowance
FN:134,decreaseAllowance
FN:153,_transfer
FN:171,_mint
FN:190,_burn
FN:212,_approve
FN:226,_burnFrom
FNF:13
FNH:13
FNDA:6,totalSupply
FNDA:14,balanceOf
FNDA:3,transfer
FNDA:7,allowance
FNDA:6,approve
FNDA:1,transferFrom
FNDA:1,increaseAllowance
FNDA:1,decreaseAllowance
FNDA:6,_transfer
FNDA:31,_mint
FNDA:4,_burn
FNDA:14,_approve
FNDA:3,_burnFrom
DA:43,6
DA:50,14
DA:62,3
DA:63,1
DA:70,7
DA:81,6
DA:82,6
DA:98,1
DA:99,1
DA:100,1
DA:116,1
DA:117,1
DA:135,1
DA:136,1
DA:154,6
DA:155,4
DA:157,2
DA:158,2
DA:159,2
DA:172,31
DA:174,29
DA:175,29
DA:176,29
DA:192,4
DA:194,2
DA:195,2
DA:196,2
DA:213,14
DA:214,12
DA:216,10
DA:217,10
DA:227,3
DA:228,1
LF:33
LH:33
BRDA:154,1,0,4
BRDA:154,1,1,2
BRDA:155,2,0,2
BRDA:155,2,1,2
BRDA:172,3,0,29
BRDA:172,3,1,2
BRDA:192,4,0,2
BRDA:192,4,1,2
BRDA:213,5,0,12
BRDA:213,5,1,2
BRDA:214,6,0,10
BRDA:214,6,1,2
BRF:12
BRH:12
end_of_record
TN:
SF:/home/noopur/Blockchain/05Sept_ERC20Token/My_token/contracts/debug/ERC20Burnable.sol
FN:16,burn
FN:23,burnFrom
FNF:2
FNH:2
FNDA:1,burn
FNDA:3,burnFrom
DA:17,1
DA:24,3
LF:2
LH:2
BRF:0
BRH:0
end_of_record
TN:
SF:/home/noopur/Blockchain/05Sept_ERC20Token/My_token/contracts/debug/ERC20Detailed.sol
FN:18,constructor
FN:27,name
FN:35,symbol
FN:51,decimals
FNF:4
FNH:4
FNDA:28,constructor
FNDA:1,name
FNDA:1,symbol
FNDA:1,decimals
DA:19,28
DA:20,28
DA:21,28
DA:28,1
DA:36,1
DA:52,1
LF:6
LH:6
BRF:0
BRH:0
end_of_record
TN:
SF:/home/noopur/Blockchain/05Sept_ERC20Token/My_token/contracts/debug/ERC20Mintable.sol
FN:20,mint
FNF:1
FNH:1
FNDA:3,mint
DA:21,3
DA:22,1
LF:2
LH:2
BRF:0
BRH:0
end_of_record
TN:
SF:/home/noopur/Blockchain/05Sept_ERC20Token/My_token/contracts/debug/IERC20.sol
FNF:0
FNH:0
LF:0
LH:0
BRF:0
BRH:0
end_of_record
TN:
SF:/home/noopur/Blockchain/05Sept_ERC20Token/My_token/contracts/debug/Math.sol
FN:10,max
FN:17,min
FN:25,average
FNF:3
FNH:0
FNDA:0,max
FNDA:0,min
FNDA:0,average
DA:11,0
DA:18,0
DA:27,0
LF:3
LH:0
BRF:0
BRH:0
end_of_record
TN:
SF:/home/noopur/Blockchain/05Sept_ERC20Token/My_token/contracts/debug/MinterRole.sol
FN:13,constructor
FN:17,onlyMinter
FN:22,isMinter
FN:26,addMinter
FN:30,renounceMinter
FN:34,_addMinter
FN:39,_removeMinter
FNF:7
FNH:7
FNDA:28,constructor
FNDA:9,onlyMinter
FNDA:12,isMinter
FNDA:4,addMinter
FNDA:3,renounceMinter
FNDA:32,_addMinter
FNDA:3,_removeMinter
DA:14,28
DA:18,9
DA:19,7
DA:23,12
DA:27,4
DA:31,3
DA:35,32
DA:36,30
DA:40,3
DA:41,1
LF:10
LH:10
BRDA:18,1,0,7
BRDA:18,1,1,2
BRF:2
BRH:2
end_of_record
TN:
SF:/home/noopur/Blockchain/05Sept_ERC20Token/My_token/contracts/debug/Roles.sol
FN:15,add
FN:23,remove
FN:32,has
FNF:3
FNH:3
FNDA:32,add
FNDA:3,remove
FNDA:47,has
DA:16,32
DA:17,30
DA:24,3
DA:25,1
DA:33,47
DA:34,46
LF:6
LH:6
BRDA:16,1,0,30
BRDA:16,1,1,2
BRDA:24,2,0,1
BRDA:24,2,1,2
BRDA:33,3,0,46
BRDA:33,3,1,1
BRF:6
BRH:6
end_of_record
TN:
SF:/home/noopur/Blockchain/05Sept_ERC20Token/My_token/contracts/debug/SafeMath.sol
FN:26,add
FN:42,sub
FN:58,mul
FN:83,div
FN:103,mod
FNF:5
FNH:2
FNDA:61,add
FNDA:9,sub
FNDA:0,mul
FNDA:0,div
FNDA:0,mod
DA:27,61
DA:28,61
DA:30,61
DA:43,9
DA:44,9
DA:46,9
DA:62,0
DA:63,0
DA:66,0
DA:67,0
DA:69,0
DA:85,0
DA:86,0
DA:89,0
DA:104,0
DA:105,0
LF:16
LH:6
BRDA:28,1,0,61
BRDA:28,1,1,0
BRDA:43,2,0,9
BRDA:43,2,1,0
BRDA:62,3,0,0
BRDA:62,3,1,0
BRDA:67,4,0,0
BRDA:67,4,1,0
BRDA:85,5,0,0
BRDA:85,5,1,0
BRDA:104,6,0,0
BRDA:104,6,1,0
BRF:12
BRH:2
end_of_record
TN:
SF:/home/noopur/Blockchain/05Sept_ERC20Token/My_token/contracts/MyToken.sol
FN:11,constructor
FN:21,testApprove
FN:26,testTransfer
FNF:3
FNH:3
FNDA:28,constructor
FNDA:4,testApprove
FNDA:2,testTransfer
DA:17,28
DA:23,4
DA:28,2
LF:3
LH:3
BRF:0
BRH:0
end_of_record
