{"contracts/ArrayExample.sol":{"l":{"9":6,"13":1,"18":1,"22":1,"23":1,"24":1},"path":"/home/noopur/Blockchain_Training/My_token_V1/contracts/ArrayExample.sol","s":{"1":6,"2":1,"3":1,"4":1,"5":1},"b":{"1":[1,0]},"f":{"1":6,"2":1,"3":1,"4":1},"fnMap":{"1":{"name":"getarraylength","line":7,"loc":{"start":{"line":7,"column":4},"end":{"line":7,"column":52}}},"2":{"name":"setarray","line":12,"loc":{"start":{"line":12,"column":4},"end":{"line":12,"column":39}}},"3":{"name":"removelastelement","line":16,"loc":{"start":{"line":16,"column":4},"end":{"line":16,"column":36}}},"4":{"name":"delvalue","line":21,"loc":{"start":{"line":21,"column":4},"end":{"line":21,"column":37}}}},"statementMap":{"1":{"start":{"line":9,"column":8},"end":{"line":9,"column":26}},"2":{"start":{"line":13,"column":8},"end":{"line":13,"column":25}},"3":{"start":{"line":18,"column":8},"end":{"line":18,"column":17}},"4":{"start":{"line":22,"column":8},"end":{"line":22,"column":33}},"5":{"start":{"line":24,"column":8},"end":{"line":24,"column":23}}},"branchMap":{"1":{"line":22,"type":"if","locations":[{"start":{"line":22,"column":8},"end":{"line":22,"column":8}},{"start":{"line":22,"column":8},"end":{"line":22,"column":8}}]}}},"contracts/Bank.sol":{"l":{"16":2,"17":2,"26":1,"27":1,"37":5,"45":1,"46":1,"47":1,"56":1,"57":1},"path":"/home/noopur/Blockchain_Training/My_token_V1/contracts/Bank.sol","s":{"1":2,"2":2,"3":1,"4":1,"5":5,"6":1,"7":1,"8":1,"9":1,"10":1},"b":{"1":[1,0],"2":[1,0],"3":[1,0]},"f":{"1":2,"2":1,"3":5,"4":1,"5":1},"fnMap":{"1":{"name":"constructor","line":14,"loc":{"start":{"line":14,"column":4},"end":{"line":14,"column":21}}},"2":{"name":"deposit","line":24,"loc":{"start":{"line":24,"column":4},"end":{"line":24,"column":49}}},"3":{"name":"displayBalance","line":35,"loc":{"start":{"line":35,"column":4},"end":{"line":35,"column":65}}},"4":{"name":"sendbal","line":43,"loc":{"start":{"line":43,"column":4},"end":{"line":43,"column":55}}},"5":{"name":"withdraw","line":54,"loc":{"start":{"line":54,"column":4},"end":{"line":54,"column":51}}}},"statementMap":{"1":{"start":{"line":16,"column":8},"end":{"line":16,"column":25}},"2":{"start":{"line":17,"column":8},"end":{"line":17,"column":29}},"3":{"start":{"line":26,"column":8},"end":{"line":26,"column":69}},"4":{"start":{"line":27,"column":8},"end":{"line":27,"column":30}},"5":{"start":{"line":37,"column":8},"end":{"line":37,"column":30}},"6":{"start":{"line":45,"column":8},"end":{"line":45,"column":105}},"7":{"start":{"line":46,"column":8},"end":{"line":46,"column":35}},"8":{"start":{"line":47,"column":8},"end":{"line":47,"column":35}},"9":{"start":{"line":56,"column":8},"end":{"line":56,"column":146}},"10":{"start":{"line":57,"column":8},"end":{"line":57,"column":30}}},"branchMap":{"1":{"line":26,"type":"if","locations":[{"start":{"line":26,"column":8},"end":{"line":26,"column":8}},{"start":{"line":26,"column":8},"end":{"line":26,"column":8}}]},"2":{"line":45,"type":"if","locations":[{"start":{"line":45,"column":8},"end":{"line":45,"column":8}},{"start":{"line":45,"column":8},"end":{"line":45,"column":8}}]},"3":{"line":56,"type":"if","locations":[{"start":{"line":56,"column":8},"end":{"line":56,"column":8}},{"start":{"line":56,"column":8},"end":{"line":56,"column":8}}]}}},"contracts/FloodReliefDonation.sol":{"l":{"24":2,"40":1,"44":1,"45":1,"46":1,"47":1,"48":1,"53":1,"55":1,"57":1,"58":1,"60":1,"64":1,"68":1,"72":2,"76":1},"path":"/home/noopur/Blockchain_Training/My_token_V1/contracts/FloodReliefDonation.sol","s":{"1":2,"2":1,"3":1,"4":1,"5":1,"6":1,"7":1,"8":1,"9":1,"10":1,"11":1,"12":1,"13":2,"14":1},"b":{"1":[1,0],"2":[1,0]},"f":{"1":2,"2":1,"3":1,"4":1,"5":2,"6":1},"fnMap":{"1":{"name":"constructor","line":23,"loc":{"start":{"line":23,"column":4},"end":{"line":23,"column":21}}},"2":{"name":"contribute","line":35,"loc":{"start":{"line":35,"column":4},"end":{"line":35,"column":68}}},"3":{"name":"getContributorinfo","line":63,"loc":{"start":{"line":63,"column":4},"end":{"line":63,"column":101}}},"4":{"name":"getnumoffundcnt_state","line":67,"loc":{"start":{"line":67,"column":4},"end":{"line":67,"column":79}}},"5":{"name":"get_totalFunds","line":71,"loc":{"start":{"line":71,"column":4},"end":{"line":71,"column":72}}},"6":{"name":"chkspendings","line":75,"loc":{"start":{"line":75,"column":4},"end":{"line":75,"column":89}}}},"statementMap":{"1":{"start":{"line":24,"column":8},"end":{"line":24,"column":25}},"2":{"start":{"line":40,"column":8},"end":{"line":40,"column":906}},"3":{"start":{"line":45,"column":12},"end":{"line":45,"column":30}},"4":{"start":{"line":46,"column":12},"end":{"line":46,"column":27}},"5":{"start":{"line":47,"column":12},"end":{"line":47,"column":24}},"6":{"start":{"line":53,"column":8},"end":{"line":53,"column":40}},"7":{"start":{"line":55,"column":8},"end":{"line":55,"column":27}},"8":{"start":{"line":57,"column":8},"end":{"line":57,"column":62}},"9":{"start":{"line":58,"column":8},"end":{"line":58,"column":69}},"10":{"start":{"line":60,"column":8},"end":{"line":60,"column":46}},"11":{"start":{"line":64,"column":8},"end":{"line":64,"column":47}},"12":{"start":{"line":68,"column":8},"end":{"line":68,"column":41}},"13":{"start":{"line":72,"column":8},"end":{"line":72,"column":42}},"14":{"start":{"line":76,"column":8},"end":{"line":76,"column":89}}},"branchMap":{"1":{"line":40,"type":"if","locations":[{"start":{"line":40,"column":8},"end":{"line":40,"column":8}},{"start":{"line":40,"column":8},"end":{"line":40,"column":8}}]},"2":{"line":76,"type":"if","locations":[{"start":{"line":76,"column":8},"end":{"line":76,"column":8}},{"start":{"line":76,"column":8},"end":{"line":76,"column":8}}]}}},"contracts/HelloWorld.sol":{"l":{"7":2,"11":2,"15":1},"path":"/home/noopur/Blockchain_Training/My_token_V1/contracts/HelloWorld.sol","s":{"1":2,"2":2,"3":1},"b":{},"f":{"1":2,"2":2,"3":1},"fnMap":{"1":{"name":"constructor","line":6,"loc":{"start":{"line":6,"column":4},"end":{"line":6,"column":23}}},"2":{"name":"getstring","line":10,"loc":{"start":{"line":10,"column":4},"end":{"line":10,"column":57}}},"3":{"name":"setstring","line":14,"loc":{"start":{"line":14,"column":4},"end":{"line":14,"column":46}}}},"statementMap":{"1":{"start":{"line":7,"column":8},"end":{"line":7,"column":28}},"2":{"start":{"line":11,"column":8},"end":{"line":11,"column":18}},"3":{"start":{"line":15,"column":8},"end":{"line":15,"column":17}}},"branchMap":{}}}