{"contracts/debug/ERC20.sol":{"l":{"43":6,"50":14,"62":3,"63":1,"70":7,"81":6,"82":6,"98":1,"99":1,"100":1,"116":1,"117":1,"135":1,"136":1,"154":6,"155":4,"157":2,"158":2,"159":2,"172":31,"174":29,"175":29,"176":29,"192":4,"194":2,"195":2,"196":2,"213":14,"214":12,"216":10,"217":10,"227":3,"228":1},"path":"/home/noopur/Blockchain/05Sept_ERC20Token/My_token/contracts/debug/ERC20.sol","s":{"1":6,"2":14,"3":3,"4":1,"5":7,"6":6,"7":6,"8":1,"9":1,"10":1,"11":1,"12":1,"13":1,"14":1,"15":6,"16":4,"17":2,"18":2,"19":2,"20":31,"21":29,"22":29,"23":29,"24":4,"25":2,"26":2,"27":2,"28":14,"29":12,"30":10,"31":10,"32":3,"33":1},"b":{"1":[4,2],"2":[2,2],"3":[29,2],"4":[2,2],"5":[12,2],"6":[10,2]},"f":{"1":6,"2":14,"3":3,"4":7,"5":6,"6":1,"7":1,"8":1,"9":6,"10":31,"11":4,"12":14,"13":3},"fnMap":{"1":{"name":"totalSupply","line":41,"loc":{"start":{"line":41,"column":4},"end":{"line":41,"column":54}}},"2":{"name":"balanceOf","line":49,"loc":{"start":{"line":49,"column":4},"end":{"line":49,"column":67}}},"3":{"name":"transfer","line":61,"loc":{"start":{"line":61,"column":4},"end":{"line":61,"column":76}}},"4":{"name":"allowance","line":69,"loc":{"start":{"line":69,"column":4},"end":{"line":69,"column":82}}},"5":{"name":"approve","line":80,"loc":{"start":{"line":80,"column":4},"end":{"line":80,"column":72}}},"6":{"name":"transferFrom","line":97,"loc":{"start":{"line":97,"column":4},"end":{"line":97,"column":96}}},"7":{"name":"increaseAllowance","line":115,"loc":{"start":{"line":115,"column":4},"end":{"line":115,"column":87}}},"8":{"name":"decreaseAllowance","line":134,"loc":{"start":{"line":134,"column":4},"end":{"line":134,"column":92}}},"9":{"name":"_transfer","line":153,"loc":{"start":{"line":153,"column":4},"end":{"line":153,"column":80}}},"10":{"name":"_mint","line":171,"loc":{"start":{"line":171,"column":4},"end":{"line":171,"column":58}}},"11":{"name":"_burn","line":190,"loc":{"start":{"line":190,"column":4},"end":{"line":190,"column":57}}},"12":{"name":"_approve","line":212,"loc":{"start":{"line":212,"column":4},"end":{"line":212,"column":75}}},"13":{"name":"_burnFrom","line":226,"loc":{"start":{"line":226,"column":4},"end":{"line":226,"column":62}}}},"statementMap":{"1":{"start":{"line":43,"column":8},"end":{"line":43,"column":27}},"2":{"start":{"line":50,"column":8},"end":{"line":50,"column":33}},"3":{"start":{"line":62,"column":8},"end":{"line":62,"column":47}},"4":{"start":{"line":63,"column":8},"end":{"line":63,"column":19}},"5":{"start":{"line":70,"column":8},"end":{"line":70,"column":42}},"6":{"start":{"line":81,"column":8},"end":{"line":81,"column":43}},"7":{"start":{"line":82,"column":8},"end":{"line":82,"column":19}},"8":{"start":{"line":98,"column":8},"end":{"line":98,"column":43}},"9":{"start":{"line":99,"column":8},"end":{"line":99,"column":80}},"10":{"start":{"line":100,"column":8},"end":{"line":100,"column":19}},"11":{"start":{"line":116,"column":8},"end":{"line":116,"column":86}},"12":{"start":{"line":117,"column":8},"end":{"line":117,"column":19}},"13":{"start":{"line":135,"column":8},"end":{"line":135,"column":91}},"14":{"start":{"line":136,"column":8},"end":{"line":136,"column":19}},"15":{"start":{"line":154,"column":8},"end":{"line":154,"column":77}},"16":{"start":{"line":155,"column":8},"end":{"line":155,"column":78}},"17":{"start":{"line":157,"column":8},"end":{"line":157,"column":56}},"18":{"start":{"line":158,"column":8},"end":{"line":158,"column":62}},"19":{"start":{"line":159,"column":8},"end":{"line":159,"column":48}},"20":{"start":{"line":172,"column":8},"end":{"line":172,"column":72}},"21":{"start":{"line":174,"column":8},"end":{"line":174,"column":46}},"22":{"start":{"line":175,"column":8},"end":{"line":175,"column":58}},"23":{"start":{"line":176,"column":8},"end":{"line":176,"column":50}},"24":{"start":{"line":192,"column":8},"end":{"line":192,"column":74}},"25":{"start":{"line":194,"column":8},"end":{"line":194,"column":45}},"26":{"start":{"line":195,"column":8},"end":{"line":195,"column":57}},"27":{"start":{"line":196,"column":8},"end":{"line":196,"column":49}},"28":{"start":{"line":213,"column":8},"end":{"line":213,"column":75}},"29":{"start":{"line":214,"column":8},"end":{"line":214,"column":75}},"30":{"start":{"line":216,"column":8},"end":{"line":216,"column":42}},"31":{"start":{"line":217,"column":8},"end":{"line":217,"column":44}},"32":{"start":{"line":227,"column":8},"end":{"line":227,"column":29}},"33":{"start":{"line":228,"column":8},"end":{"line":228,"column":82}}},"branchMap":{"1":{"line":154,"type":"if","locations":[{"start":{"line":154,"column":8},"end":{"line":154,"column":8}},{"start":{"line":154,"column":8},"end":{"line":154,"column":8}}]},"2":{"line":155,"type":"if","locations":[{"start":{"line":155,"column":8},"end":{"line":155,"column":8}},{"start":{"line":155,"column":8},"end":{"line":155,"column":8}}]},"3":{"line":172,"type":"if","locations":[{"start":{"line":172,"column":8},"end":{"line":172,"column":8}},{"start":{"line":172,"column":8},"end":{"line":172,"column":8}}]},"4":{"line":192,"type":"if","locations":[{"start":{"line":192,"column":8},"end":{"line":192,"column":8}},{"start":{"line":192,"column":8},"end":{"line":192,"column":8}}]},"5":{"line":213,"type":"if","locations":[{"start":{"line":213,"column":8},"end":{"line":213,"column":8}},{"start":{"line":213,"column":8},"end":{"line":213,"column":8}}]},"6":{"line":214,"type":"if","locations":[{"start":{"line":214,"column":8},"end":{"line":214,"column":8}},{"start":{"line":214,"column":8},"end":{"line":214,"column":8}}]}}},"contracts/debug/ERC20Burnable.sol":{"l":{"17":1,"24":3},"path":"/home/noopur/Blockchain/05Sept_ERC20Token/My_token/contracts/debug/ERC20Burnable.sol","s":{"1":1,"2":3},"b":{},"f":{"1":1,"2":3},"fnMap":{"1":{"name":"burn","line":16,"loc":{"start":{"line":16,"column":4},"end":{"line":16,"column":38}}},"2":{"name":"burnFrom","line":23,"loc":{"start":{"line":23,"column":4},"end":{"line":23,"column":59}}}},"statementMap":{"1":{"start":{"line":17,"column":8},"end":{"line":17,"column":32}},"2":{"start":{"line":24,"column":8},"end":{"line":24,"column":33}}},"branchMap":{}},"contracts/debug/ERC20Detailed.sol":{"l":{"19":28,"20":28,"21":28,"28":1,"36":1,"52":1},"path":"/home/noopur/Blockchain/05Sept_ERC20Token/My_token/contracts/debug/ERC20Detailed.sol","s":{"1":28,"2":28,"3":28,"4":1,"5":1,"6":1},"b":{},"f":{"1":28,"2":1,"3":1,"4":1},"fnMap":{"1":{"name":"constructor","line":18,"loc":{"start":{"line":18,"column":4},"end":{"line":18,"column":79}}},"2":{"name":"name","line":27,"loc":{"start":{"line":27,"column":4},"end":{"line":27,"column":53}}},"3":{"name":"symbol","line":35,"loc":{"start":{"line":35,"column":4},"end":{"line":35,"column":55}}},"4":{"name":"decimals","line":51,"loc":{"start":{"line":51,"column":4},"end":{"line":51,"column":49}}}},"statementMap":{"1":{"start":{"line":19,"column":8},"end":{"line":19,"column":19}},"2":{"start":{"line":20,"column":8},"end":{"line":20,"column":23}},"3":{"start":{"line":21,"column":8},"end":{"line":21,"column":27}},"4":{"start":{"line":28,"column":8},"end":{"line":28,"column":20}},"5":{"start":{"line":36,"column":8},"end":{"line":36,"column":22}},"6":{"start":{"line":52,"column":8},"end":{"line":52,"column":24}}},"branchMap":{}},"contracts/debug/ERC20Mintable.sol":{"l":{"21":3,"22":1},"path":"/home/noopur/Blockchain/05Sept_ERC20Token/My_token/contracts/debug/ERC20Mintable.sol","s":{"1":3,"2":1},"b":{},"f":{"1":3},"fnMap":{"1":{"name":"mint","line":20,"loc":{"start":{"line":20,"column":4},"end":{"line":20,"column":81}}}},"statementMap":{"1":{"start":{"line":21,"column":8},"end":{"line":21,"column":29}},"2":{"start":{"line":22,"column":8},"end":{"line":22,"column":19}}},"branchMap":{}},"contracts/debug/IERC20.sol":{"l":{},"path":"/home/noopur/Blockchain/05Sept_ERC20Token/My_token/contracts/debug/IERC20.sol","s":{},"b":{},"f":{},"fnMap":{},"statementMap":{},"branchMap":{}},"contracts/debug/Math.sol":{"l":{"11":0,"18":0,"27":0},"path":"/home/noopur/Blockchain/05Sept_ERC20Token/My_token/contracts/debug/Math.sol","s":{"1":0,"2":0,"3":0},"b":{},"f":{"1":0,"2":0,"3":0},"fnMap":{"1":{"name":"max","line":10,"loc":{"start":{"line":10,"column":4},"end":{"line":10,"column":68}}},"2":{"name":"min","line":17,"loc":{"start":{"line":17,"column":4},"end":{"line":17,"column":68}}},"3":{"name":"average","line":25,"loc":{"start":{"line":25,"column":4},"end":{"line":25,"column":72}}}},"statementMap":{"1":{"start":{"line":11,"column":8},"end":{"line":11,"column":29}},"2":{"start":{"line":18,"column":8},"end":{"line":18,"column":28}},"3":{"start":{"line":27,"column":8},"end":{"line":27,"column":56}}},"branchMap":{}},"contracts/debug/MinterRole.sol":{"l":{"14":28,"18":9,"19":7,"23":12,"27":4,"31":3,"35":32,"36":30,"40":3,"41":1},"path":"/home/noopur/Blockchain/05Sept_ERC20Token/My_token/contracts/debug/MinterRole.sol","s":{"1":28,"2":9,"3":12,"4":4,"5":3,"6":32,"7":30,"8":3,"9":1},"b":{"1":[7,2]},"f":{"1":28,"2":9,"3":12,"4":4,"5":3,"6":32,"7":3},"fnMap":{"1":{"name":"constructor","line":13,"loc":{"start":{"line":13,"column":4},"end":{"line":13,"column":25}}},"2":{"name":"onlyMinter","line":17,"loc":{"start":{"line":17,"column":4},"end":{"line":17,"column":23}}},"3":{"name":"isMinter","line":22,"loc":{"start":{"line":22,"column":4},"end":{"line":22,"column":63}}},"4":{"name":"addMinter","line":26,"loc":{"start":{"line":26,"column":4},"end":{"line":26,"column":55}}},"5":{"name":"renounceMinter","line":30,"loc":{"start":{"line":30,"column":4},"end":{"line":30,"column":34}}},"6":{"name":"_addMinter","line":34,"loc":{"start":{"line":34,"column":4},"end":{"line":34,"column":47}}},"7":{"name":"_removeMinter","line":39,"loc":{"start":{"line":39,"column":4},"end":{"line":39,"column":50}}}},"statementMap":{"1":{"start":{"line":14,"column":8},"end":{"line":14,"column":29}},"2":{"start":{"line":18,"column":8},"end":{"line":18,"column":88}},"3":{"start":{"line":23,"column":8},"end":{"line":23,"column":36}},"4":{"start":{"line":27,"column":8},"end":{"line":27,"column":26}},"5":{"start":{"line":31,"column":8},"end":{"line":31,"column":32}},"6":{"start":{"line":35,"column":8},"end":{"line":35,"column":28}},"7":{"start":{"line":36,"column":8},"end":{"line":36,"column":33}},"8":{"start":{"line":40,"column":8},"end":{"line":40,"column":31}},"9":{"start":{"line":41,"column":8},"end":{"line":41,"column":35}}},"branchMap":{"1":{"line":18,"type":"if","locations":[{"start":{"line":18,"column":8},"end":{"line":18,"column":8}},{"start":{"line":18,"column":8},"end":{"line":18,"column":8}}]}}},"contracts/debug/Roles.sol":{"l":{"16":32,"17":30,"24":3,"25":1,"33":47,"34":46},"path":"/home/noopur/Blockchain/05Sept_ERC20Token/My_token/contracts/debug/Roles.sol","s":{"1":32,"2":30,"3":3,"4":1,"5":47,"6":46},"b":{"1":[30,2],"2":[1,2],"3":[46,1]},"f":{"1":32,"2":3,"3":47},"fnMap":{"1":{"name":"add","line":15,"loc":{"start":{"line":15,"column":4},"end":{"line":15,"column":59}}},"2":{"name":"remove","line":23,"loc":{"start":{"line":23,"column":4},"end":{"line":23,"column":62}}},"3":{"name":"has","line":32,"loc":{"start":{"line":32,"column":4},"end":{"line":32,"column":79}}}},"statementMap":{"1":{"start":{"line":16,"column":8},"end":{"line":16,"column":70}},"2":{"start":{"line":17,"column":8},"end":{"line":17,"column":34}},"3":{"start":{"line":24,"column":8},"end":{"line":24,"column":71}},"4":{"start":{"line":25,"column":8},"end":{"line":25,"column":35}},"5":{"start":{"line":33,"column":8},"end":{"line":33,"column":75}},"6":{"start":{"line":34,"column":8},"end":{"line":34,"column":35}}},"branchMap":{"1":{"line":16,"type":"if","locations":[{"start":{"line":16,"column":8},"end":{"line":16,"column":8}},{"start":{"line":16,"column":8},"end":{"line":16,"column":8}}]},"2":{"line":24,"type":"if","locations":[{"start":{"line":24,"column":8},"end":{"line":24,"column":8}},{"start":{"line":24,"column":8},"end":{"line":24,"column":8}}]},"3":{"line":33,"type":"if","locations":[{"start":{"line":33,"column":8},"end":{"line":33,"column":8}},{"start":{"line":33,"column":8},"end":{"line":33,"column":8}}]}}},"contracts/debug/SafeMath.sol":{"l":{"27":61,"28":61,"30":61,"43":9,"44":9,"46":9,"62":0,"63":0,"66":0,"67":0,"69":0,"85":0,"86":0,"89":0,"104":0,"105":0},"path":"/home/noopur/Blockchain/05Sept_ERC20Token/My_token/contracts/debug/SafeMath.sol","s":{"1":61,"2":61,"3":61,"4":9,"5":9,"6":9,"7":0,"8":0,"9":0,"10":0,"11":0,"12":0,"13":0,"14":0,"15":0,"16":0},"b":{"1":[61,0],"2":[9,0],"3":[0,0],"4":[0,0],"5":[0,0],"6":[0,0]},"f":{"1":61,"2":9,"3":0,"4":0,"5":0},"fnMap":{"1":{"name":"add","line":26,"loc":{"start":{"line":26,"column":4},"end":{"line":26,"column":68}}},"2":{"name":"sub","line":42,"loc":{"start":{"line":42,"column":4},"end":{"line":42,"column":68}}},"3":{"name":"mul","line":58,"loc":{"start":{"line":58,"column":4},"end":{"line":58,"column":68}}},"4":{"name":"div","line":83,"loc":{"start":{"line":83,"column":4},"end":{"line":83,"column":68}}},"5":{"name":"mod","line":103,"loc":{"start":{"line":103,"column":4},"end":{"line":103,"column":68}}}},"statementMap":{"1":{"start":{"line":27,"column":8},"end":{"line":27,"column":25}},"2":{"start":{"line":28,"column":8},"end":{"line":28,"column":53}},"3":{"start":{"line":30,"column":8},"end":{"line":30,"column":16}},"4":{"start":{"line":43,"column":8},"end":{"line":43,"column":56}},"5":{"start":{"line":44,"column":8},"end":{"line":44,"column":25}},"6":{"start":{"line":46,"column":8},"end":{"line":46,"column":16}},"7":{"start":{"line":62,"column":8},"end":{"line":62,"column":1996}},"8":{"start":{"line":63,"column":12},"end":{"line":63,"column":20}},"9":{"start":{"line":66,"column":8},"end":{"line":66,"column":25}},"10":{"start":{"line":67,"column":8},"end":{"line":67,"column":63}},"11":{"start":{"line":69,"column":8},"end":{"line":69,"column":16}},"12":{"start":{"line":85,"column":8},"end":{"line":85,"column":51}},"13":{"start":{"line":86,"column":8},"end":{"line":86,"column":25}},"14":{"start":{"line":89,"column":8},"end":{"line":89,"column":16}},"15":{"start":{"line":104,"column":8},"end":{"line":104,"column":50}},"16":{"start":{"line":105,"column":8},"end":{"line":105,"column":20}}},"branchMap":{"1":{"line":28,"type":"if","locations":[{"start":{"line":28,"column":8},"end":{"line":28,"column":8}},{"start":{"line":28,"column":8},"end":{"line":28,"column":8}}]},"2":{"line":43,"type":"if","locations":[{"start":{"line":43,"column":8},"end":{"line":43,"column":8}},{"start":{"line":43,"column":8},"end":{"line":43,"column":8}}]},"3":{"line":62,"type":"if","locations":[{"start":{"line":62,"column":8},"end":{"line":62,"column":8}},{"start":{"line":62,"column":8},"end":{"line":62,"column":8}}]},"4":{"line":67,"type":"if","locations":[{"start":{"line":67,"column":8},"end":{"line":67,"column":8}},{"start":{"line":67,"column":8},"end":{"line":67,"column":8}}]},"5":{"line":85,"type":"if","locations":[{"start":{"line":85,"column":8},"end":{"line":85,"column":8}},{"start":{"line":85,"column":8},"end":{"line":85,"column":8}}]},"6":{"line":104,"type":"if","locations":[{"start":{"line":104,"column":8},"end":{"line":104,"column":8}},{"start":{"line":104,"column":8},"end":{"line":104,"column":8}}]}}},"contracts/MyToken.sol":{"l":{"17":28,"23":4,"28":2},"path":"/home/noopur/Blockchain/05Sept_ERC20Token/My_token/contracts/MyToken.sol","s":{"1":28,"2":4,"3":2},"b":{},"f":{"1":28,"2":4,"3":2},"fnMap":{"1":{"name":"constructor","line":11,"loc":{"start":{"line":11,"column":0},"end":{"line":16,"column":5}}},"2":{"name":"testApprove","line":21,"loc":{"start":{"line":21,"column":4},"end":{"line":21,"column":72}}},"3":{"name":"testTransfer","line":26,"loc":{"start":{"line":26,"column":5},"end":{"line":26,"column":78}}}},"statementMap":{"1":{"start":{"line":17,"column":8},"end":{"line":17,"column":30}},"2":{"start":{"line":23,"column":7},"end":{"line":23,"column":36}},"3":{"start":{"line":28,"column":7},"end":{"line":28,"column":42}}},"branchMap":{}}}