TN:
SF:/home/noopur/Blockchain/11Sept/My_token/contracts/ArrayExample.sol
FN:7,getarraylength
FN:12,setarray
FN:16,removelastelement
FN:21,delvalue
FNF:4
FNH:4
FNDA:6,getarraylength
FNDA:1,setarray
FNDA:1,removelastelement
FNDA:1,delvalue
DA:9,6
DA:13,1
DA:18,1
DA:22,1
DA:23,1
DA:24,1
LF:6
LH:6
BRDA:22,1,0,1
BRDA:22,1,1,0
BRF:2
BRH:1
end_of_record
TN:
SF:/home/noopur/Blockchain/11Sept/My_token/contracts/Bank.sol
FN:14,constructor
FN:24,deposit
FN:35,displayBalance
FN:43,sendbal
FN:54,withdraw
FNF:5
FNH:5
FNDA:2,constructor
FNDA:1,deposit
FNDA:5,displayBalance
FNDA:1,sendbal
FNDA:1,withdraw
DA:16,2
DA:17,2
DA:26,1
DA:27,1
DA:37,5
DA:45,1
DA:46,1
DA:47,1
DA:56,1
DA:57,1
LF:10
LH:10
BRDA:26,1,0,1
BRDA:26,1,1,0
BRDA:45,2,0,1
BRDA:45,2,1,0
BRDA:56,3,0,1
BRDA:56,3,1,0
BRF:6
BRH:3
end_of_record
TN:
SF:/home/noopur/Blockchain/11Sept/My_token/contracts/FloodReliefDonation.sol
FN:23,constructor
FN:35,contribute
FN:63,getContributorinfo
FN:67,getnumoffundcnt_state
FN:71,get_totalFunds
FN:75,chkspendings
FNF:6
FNH:6
FNDA:2,constructor
FNDA:1,contribute
FNDA:1,getContributorinfo
FNDA:1,getnumoffundcnt_state
FNDA:2,get_totalFunds
FNDA:1,chkspendings
DA:24,2
DA:40,1
DA:44,1
DA:45,1
DA:46,1
DA:47,1
DA:48,1
DA:53,1
DA:55,1
DA:57,1
DA:58,1
DA:60,1
DA:64,1
DA:68,1
DA:72,2
DA:76,1
LF:16
LH:16
BRDA:40,1,0,1
BRDA:40,1,1,0
BRDA:76,2,0,1
BRDA:76,2,1,0
BRF:4
BRH:2
end_of_record
TN:
SF:/home/noopur/Blockchain/11Sept/My_token/contracts/HelloWorld.sol
FN:6,constructor
FN:10,getstring
FN:14,setstring
FNF:3
FNH:3
FNDA:2,constructor
FNDA:2,getstring
FNDA:1,setstring
DA:7,2
DA:11,2
DA:15,1
LF:3
LH:3
BRF:0
BRH:0
end_of_record
