{"contracts/debug/Address.sol":{"l":{"22":3,"24":3,"25":3},"path":"/home/noopur/Blockchain_Training/ERC721/contracts/debug/Address.sol","s":{"1":3,"2":3},"b":{},"f":{"1":3},"fnMap":{"1":{"name":"isContract","line":17,"loc":{"start":{"line":17,"column":4},"end":{"line":17,"column":67}}}},"statementMap":{"1":{"start":{"line":22,"column":8},"end":{"line":22,"column":20}},"2":{"start":{"line":25,"column":8},"end":{"line":25,"column":23}}},"branchMap":{}},"contracts/debug/Counters.sol":{"l":{"27":4,"31":34,"35":6},"path":"/home/noopur/Blockchain_Training/ERC721/contracts/debug/Counters.sol","s":{"1":4,"2":34,"3":6},"b":{},"f":{"1":4,"2":34,"3":6},"fnMap":{"1":{"name":"current","line":26,"loc":{"start":{"line":26,"column":4},"end":{"line":26,"column":75}}},"2":{"name":"increment","line":30,"loc":{"start":{"line":30,"column":4},"end":{"line":30,"column":54}}},"3":{"name":"decrement","line":34,"loc":{"start":{"line":34,"column":4},"end":{"line":34,"column":54}}}},"statementMap":{"1":{"start":{"line":27,"column":8},"end":{"line":27,"column":29}},"2":{"start":{"line":31,"column":8},"end":{"line":31,"column":26}},"3":{"start":{"line":35,"column":8},"end":{"line":35,"column":45}}},"branchMap":{}},"contracts/debug/ERC165.sol":{"l":{"25":25,"34":1,"49":101,"50":101},"path":"/home/noopur/Blockchain_Training/ERC721/contracts/debug/ERC165.sol","s":{"1":25,"2":1,"3":101,"4":101},"b":{"1":[101,0]},"f":{"1":25,"2":1,"3":101},"fnMap":{"1":{"name":"constructor","line":22,"loc":{"start":{"line":22,"column":4},"end":{"line":22,"column":25}}},"2":{"name":"supportsInterface","line":33,"loc":{"start":{"line":33,"column":4},"end":{"line":33,"column":77}}},"3":{"name":"_registerInterface","line":48,"loc":{"start":{"line":48,"column":4},"end":{"line":48,"column":58}}}},"statementMap":{"1":{"start":{"line":25,"column":8},"end":{"line":25,"column":47}},"2":{"start":{"line":34,"column":8},"end":{"line":34,"column":48}},"3":{"start":{"line":49,"column":8},"end":{"line":49,"column":73}},"4":{"start":{"line":50,"column":8},"end":{"line":50,"column":47}}},"branchMap":{"1":{"line":49,"type":"if","locations":[{"start":{"line":49,"column":8},"end":{"line":49,"column":8}},{"start":{"line":49,"column":8},"end":{"line":49,"column":8}}]}}},"contracts/debug/ERC721.sol":{"l":{"53":25,"62":5,"64":4,"73":39,"74":39,"76":38,"88":7,"89":7,"91":5,"95":3,"96":3,"106":6,"108":5,"118":3,"120":1,"121":1,"131":7,"144":12,"146":8,"161":3,"177":3,"178":3,"187":88,"188":88,"199":16,"200":14,"201":14,"211":34,"212":32,"214":30,"215":30,"217":30,"228":4,"230":2,"232":2,"233":2,"235":2,"244":2,"255":8,"256":6,"258":4,"260":4,"261":4,"263":4,"265":4,"282":3,"283":3,"286":0,"287":0,"295":6,"296":1},"path":"/home/noopur/Blockchain_Training/ERC721/contracts/debug/ERC721.sol","s":{"1":25,"2":5,"3":4,"4":39,"5":39,"6":38,"7":7,"8":7,"9":5,"10":3,"11":3,"12":6,"13":5,"14":3,"15":1,"16":1,"17":7,"18":12,"19":8,"20":3,"21":3,"22":3,"23":88,"24":88,"25":16,"26":14,"27":14,"28":34,"29":32,"30":30,"31":30,"32":30,"33":4,"34":2,"35":2,"36":2,"37":2,"38":2,"39":8,"40":6,"41":4,"42":4,"43":4,"44":4,"45":4,"46":3,"47":3,"48":0,"49":0,"50":6,"51":1},"b":{"1":[4,1],"2":[38,1],"3":[5,2],"4":[3,2],"5":[5,1],"6":[1,2],"7":[8,4],"8":[3,0],"9":[14,2],"10":[32,2],"11":[30,2],"12":[2,2],"13":[6,2],"14":[4,2],"15":[3,0],"16":[1,5]},"f":{"1":25,"2":5,"3":39,"4":7,"5":6,"6":3,"7":7,"8":12,"9":3,"10":3,"11":88,"12":16,"13":34,"14":4,"15":2,"16":8,"17":3,"18":6},"fnMap":{"1":{"name":"constructor","line":51,"loc":{"start":{"line":51,"column":4},"end":{"line":51,"column":23}}},"2":{"name":"balanceOf","line":61,"loc":{"start":{"line":61,"column":4},"end":{"line":61,"column":65}}},"3":{"name":"ownerOf","line":72,"loc":{"start":{"line":72,"column":4},"end":{"line":72,"column":65}}},"4":{"name":"approve","line":87,"loc":{"start":{"line":87,"column":4},"end":{"line":87,"column":54}}},"5":{"name":"getApproved","line":105,"loc":{"start":{"line":105,"column":4},"end":{"line":105,"column":69}}},"6":{"name":"setApprovalForAll","line":117,"loc":{"start":{"line":117,"column":4},"end":{"line":117,"column":62}}},"7":{"name":"isApprovedForAll","line":130,"loc":{"start":{"line":130,"column":4},"end":{"line":130,"column":87}}},"8":{"name":"transferFrom","line":142,"loc":{"start":{"line":142,"column":4},"end":{"line":142,"column":73}}},"9":{"name":"safeTransferFrom","line":160,"loc":{"start":{"line":160,"column":4},"end":{"line":160,"column":77}}},"10":{"name":"safeTransferFrom","line":176,"loc":{"start":{"line":176,"column":4},"end":{"line":176,"column":97}}},"11":{"name":"_exists","line":186,"loc":{"start":{"line":186,"column":4},"end":{"line":186,"column":64}}},"12":{"name":"_isApprovedOrOwner","line":198,"loc":{"start":{"line":198,"column":4},"end":{"line":198,"column":92}}},"13":{"name":"_mint","line":210,"loc":{"start":{"line":210,"column":4},"end":{"line":210,"column":54}}},"14":{"name":"_burn","line":227,"loc":{"start":{"line":227,"column":4},"end":{"line":227,"column":57}}},"15":{"name":"_burn","line":243,"loc":{"start":{"line":243,"column":4},"end":{"line":243,"column":42}}},"16":{"name":"_transferFrom","line":254,"loc":{"start":{"line":254,"column":4},"end":{"line":254,"column":76}}},"17":{"name":"_checkOnERC721Received","line":279,"loc":{"start":{"line":279,"column":4},"end":{"line":281,"column":5}}},"18":{"name":"_clearApproval","line":294,"loc":{"start":{"line":294,"column":4},"end":{"line":294,"column":50}}}},"statementMap":{"1":{"start":{"line":53,"column":8},"end":{"line":53,"column":47}},"2":{"start":{"line":62,"column":8},"end":{"line":62,"column":81}},"3":{"start":{"line":64,"column":8},"end":{"line":64,"column":49}},"4":{"start":{"line":73,"column":8},"end":{"line":73,"column":44}},"5":{"start":{"line":74,"column":8},"end":{"line":74,"column":80}},"6":{"start":{"line":76,"column":8},"end":{"line":76,"column":20}},"7":{"start":{"line":88,"column":8},"end":{"line":88,"column":40}},"8":{"start":{"line":89,"column":8},"end":{"line":89,"column":64}},"9":{"start":{"line":91,"column":8},"end":{"line":91,"column":3675}},"10":{"start":{"line":95,"column":8},"end":{"line":95,"column":36}},"11":{"start":{"line":96,"column":8},"end":{"line":96,"column":41}},"12":{"start":{"line":106,"column":8},"end":{"line":106,"column":80}},"13":{"start":{"line":108,"column":8},"end":{"line":108,"column":39}},"14":{"start":{"line":118,"column":8},"end":{"line":118,"column":61}},"15":{"start":{"line":120,"column":8},"end":{"line":120,"column":52}},"16":{"start":{"line":121,"column":8},"end":{"line":121,"column":53}},"17":{"start":{"line":131,"column":8},"end":{"line":131,"column":50}},"18":{"start":{"line":144,"column":8},"end":{"line":144,"column":108}},"19":{"start":{"line":146,"column":8},"end":{"line":146,"column":39}},"20":{"start":{"line":161,"column":8},"end":{"line":161,"column":46}},"21":{"start":{"line":177,"column":8},"end":{"line":177,"column":38}},"22":{"start":{"line":178,"column":4},"end":{"line":178,"column":114}},"23":{"start":{"line":187,"column":8},"end":{"line":187,"column":44}},"24":{"start":{"line":188,"column":8},"end":{"line":188,"column":34}},"25":{"start":{"line":199,"column":8},"end":{"line":199,"column":80}},"26":{"start":{"line":200,"column":8},"end":{"line":200,"column":40}},"27":{"start":{"line":201,"column":8},"end":{"line":201,"column":104}},"28":{"start":{"line":211,"column":8},"end":{"line":211,"column":68}},"29":{"start":{"line":212,"column":8},"end":{"line":212,"column":65}},"30":{"start":{"line":214,"column":8},"end":{"line":214,"column":32}},"31":{"start":{"line":215,"column":8},"end":{"line":215,"column":40}},"32":{"start":{"line":217,"column":8},"end":{"line":217,"column":46}},"33":{"start":{"line":228,"column":8},"end":{"line":228,"column":82}},"34":{"start":{"line":230,"column":8},"end":{"line":230,"column":30}},"35":{"start":{"line":232,"column":8},"end":{"line":232,"column":43}},"36":{"start":{"line":233,"column":8},"end":{"line":233,"column":40}},"37":{"start":{"line":235,"column":8},"end":{"line":235,"column":49}},"38":{"start":{"line":244,"column":8},"end":{"line":244,"column":39}},"39":{"start":{"line":255,"column":8},"end":{"line":255,"column":85}},"40":{"start":{"line":256,"column":8},"end":{"line":256,"column":72}},"41":{"start":{"line":258,"column":8},"end":{"line":258,"column":30}},"42":{"start":{"line":260,"column":8},"end":{"line":260,"column":42}},"43":{"start":{"line":261,"column":8},"end":{"line":261,"column":40}},"44":{"start":{"line":263,"column":8},"end":{"line":263,"column":32}},"45":{"start":{"line":265,"column":8},"end":{"line":265,"column":40}},"46":{"start":{"line":282,"column":8},"end":{"line":282,"column":11869}},"47":{"start":{"line":283,"column":12},"end":{"line":283,"column":23}},"48":{"start":{"line":286,"column":8},"end":{"line":286,"column":94}},"49":{"start":{"line":287,"column":8},"end":{"line":287,"column":43}},"50":{"start":{"line":295,"column":8},"end":{"line":295,"column":12296}},"51":{"start":{"line":296,"column":12},"end":{"line":296,"column":48}}},"branchMap":{"1":{"line":62,"type":"if","locations":[{"start":{"line":62,"column":8},"end":{"line":62,"column":8}},{"start":{"line":62,"column":8},"end":{"line":62,"column":8}}]},"2":{"line":74,"type":"if","locations":[{"start":{"line":74,"column":8},"end":{"line":74,"column":8}},{"start":{"line":74,"column":8},"end":{"line":74,"column":8}}]},"3":{"line":89,"type":"if","locations":[{"start":{"line":89,"column":8},"end":{"line":89,"column":8}},{"start":{"line":89,"column":8},"end":{"line":89,"column":8}}]},"4":{"line":91,"type":"if","locations":[{"start":{"line":91,"column":8},"end":{"line":91,"column":8}},{"start":{"line":91,"column":8},"end":{"line":91,"column":8}}]},"5":{"line":106,"type":"if","locations":[{"start":{"line":106,"column":8},"end":{"line":106,"column":8}},{"start":{"line":106,"column":8},"end":{"line":106,"column":8}}]},"6":{"line":118,"type":"if","locations":[{"start":{"line":118,"column":8},"end":{"line":118,"column":8}},{"start":{"line":118,"column":8},"end":{"line":118,"column":8}}]},"7":{"line":144,"type":"if","locations":[{"start":{"line":144,"column":8},"end":{"line":144,"column":8}},{"start":{"line":144,"column":8},"end":{"line":144,"column":8}}]},"8":{"line":178,"type":"if","locations":[{"start":{"line":178,"column":4},"end":{"line":178,"column":4}},{"start":{"line":178,"column":4},"end":{"line":178,"column":4}}]},"9":{"line":199,"type":"if","locations":[{"start":{"line":199,"column":8},"end":{"line":199,"column":8}},{"start":{"line":199,"column":8},"end":{"line":199,"column":8}}]},"10":{"line":211,"type":"if","locations":[{"start":{"line":211,"column":8},"end":{"line":211,"column":8}},{"start":{"line":211,"column":8},"end":{"line":211,"column":8}}]},"11":{"line":212,"type":"if","locations":[{"start":{"line":212,"column":8},"end":{"line":212,"column":8}},{"start":{"line":212,"column":8},"end":{"line":212,"column":8}}]},"12":{"line":228,"type":"if","locations":[{"start":{"line":228,"column":8},"end":{"line":228,"column":8}},{"start":{"line":228,"column":8},"end":{"line":228,"column":8}}]},"13":{"line":255,"type":"if","locations":[{"start":{"line":255,"column":8},"end":{"line":255,"column":8}},{"start":{"line":255,"column":8},"end":{"line":255,"column":8}}]},"14":{"line":256,"type":"if","locations":[{"start":{"line":256,"column":8},"end":{"line":256,"column":8}},{"start":{"line":256,"column":8},"end":{"line":256,"column":8}}]},"15":{"line":282,"type":"if","locations":[{"start":{"line":282,"column":8},"end":{"line":282,"column":8}},{"start":{"line":282,"column":8},"end":{"line":282,"column":8}}]},"16":{"line":295,"type":"if","locations":[{"start":{"line":295,"column":8},"end":{"line":295,"column":8}},{"start":{"line":295,"column":8},"end":{"line":295,"column":8}}]}}},"contracts/debug/ERC721Burnable.sol":{"l":{"16":4,"17":2},"path":"/home/noopur/Blockchain_Training/ERC721/contracts/debug/ERC721Burnable.sol","s":{"1":4,"2":2},"b":{"1":[2,2]},"f":{"1":4},"fnMap":{"1":{"name":"burn","line":14,"loc":{"start":{"line":14,"column":4},"end":{"line":14,"column":39}}}},"statementMap":{"1":{"start":{"line":16,"column":8},"end":{"line":16,"column":107}},"2":{"start":{"line":17,"column":8},"end":{"line":17,"column":21}}},"branchMap":{"1":{"line":16,"type":"if","locations":[{"start":{"line":16,"column":8},"end":{"line":16,"column":8}},{"start":{"line":16,"column":8},"end":{"line":16,"column":8}}]}}},"contracts/debug/ERC721Enumerable.sol":{"l":{"38":25,"48":2,"49":1,"57":3,"67":2,"68":1,"79":8,"81":4,"83":4,"93":34,"95":30,"97":30,"108":4,"110":2,"112":2,"114":2,"123":1,"132":34,"133":34,"141":30,"142":30,"157":6,"158":6,"161":6,"162":1,"164":1,"165":1,"169":6,"184":2,"185":2,"190":2,"192":2,"193":2,"196":2,"197":2},"path":"/home/noopur/Blockchain_Training/ERC721/contracts/debug/ERC721Enumerable.sol","s":{"1":25,"2":2,"3":1,"4":3,"5":2,"6":1,"7":8,"8":4,"9":4,"10":34,"11":30,"12":30,"13":4,"14":2,"15":2,"16":2,"17":1,"18":34,"19":34,"20":30,"21":30,"22":6,"23":6,"24":6,"25":1,"26":1,"27":1,"28":2,"29":2,"30":2,"31":2,"32":2,"33":2},"b":{"1":[1,1],"2":[1,1],"3":[1,5]},"f":{"1":25,"2":2,"3":3,"4":2,"5":8,"6":34,"7":4,"8":1,"9":34,"10":30,"11":6,"12":2},"fnMap":{"1":{"name":"constructor","line":36,"loc":{"start":{"line":36,"column":4},"end":{"line":36,"column":23}}},"2":{"name":"tokenOfOwnerByIndex","line":47,"loc":{"start":{"line":47,"column":4},"end":{"line":47,"column":90}}},"3":{"name":"totalSupply","line":56,"loc":{"start":{"line":56,"column":4},"end":{"line":56,"column":54}}},"4":{"name":"tokenByIndex","line":66,"loc":{"start":{"line":66,"column":4},"end":{"line":66,"column":68}}},"5":{"name":"_transferFrom","line":78,"loc":{"start":{"line":78,"column":4},"end":{"line":78,"column":76}}},"6":{"name":"_mint","line":92,"loc":{"start":{"line":92,"column":4},"end":{"line":92,"column":54}}},"7":{"name":"_burn","line":107,"loc":{"start":{"line":107,"column":4},"end":{"line":107,"column":57}}},"8":{"name":"_tokensOfOwner","line":122,"loc":{"start":{"line":122,"column":4},"end":{"line":122,"column":82}}},"9":{"name":"_addTokenToOwnerEnumeration","line":131,"loc":{"start":{"line":131,"column":4},"end":{"line":131,"column":75}}},"10":{"name":"_addTokenToAllTokensEnumeration","line":140,"loc":{"start":{"line":140,"column":4},"end":{"line":140,"column":67}}},"11":{"name":"_removeTokenFromOwnerEnumeration","line":153,"loc":{"start":{"line":153,"column":4},"end":{"line":153,"column":82}}},"12":{"name":"_removeTokenFromAllTokensEnumeration","line":180,"loc":{"start":{"line":180,"column":4},"end":{"line":180,"column":72}}}},"statementMap":{"1":{"start":{"line":38,"column":8},"end":{"line":38,"column":58}},"2":{"start":{"line":48,"column":8},"end":{"line":48,"column":87}},"3":{"start":{"line":49,"column":8},"end":{"line":49,"column":41}},"4":{"start":{"line":57,"column":8},"end":{"line":57,"column":32}},"5":{"start":{"line":67,"column":8},"end":{"line":67,"column":85}},"6":{"start":{"line":68,"column":8},"end":{"line":68,"column":32}},"7":{"start":{"line":79,"column":8},"end":{"line":79,"column":45}},"8":{"start":{"line":81,"column":8},"end":{"line":81,"column":54}},"9":{"start":{"line":83,"column":8},"end":{"line":83,"column":47}},"10":{"start":{"line":93,"column":8},"end":{"line":93,"column":31}},"11":{"start":{"line":95,"column":8},"end":{"line":95,"column":47}},"12":{"start":{"line":97,"column":8},"end":{"line":97,"column":47}},"13":{"start":{"line":108,"column":8},"end":{"line":108,"column":34}},"14":{"start":{"line":110,"column":8},"end":{"line":110,"column":55}},"15":{"start":{"line":112,"column":8},"end":{"line":112,"column":37}},"16":{"start":{"line":114,"column":8},"end":{"line":114,"column":52}},"17":{"start":{"line":123,"column":8},"end":{"line":123,"column":34}},"18":{"start":{"line":132,"column":8},"end":{"line":132,"column":59}},"19":{"start":{"line":133,"column":8},"end":{"line":133,"column":37}},"20":{"start":{"line":141,"column":8},"end":{"line":141,"column":51}},"21":{"start":{"line":142,"column":8},"end":{"line":142,"column":31}},"22":{"start":{"line":157,"column":8},"end":{"line":157,"column":65}},"23":{"start":{"line":158,"column":8},"end":{"line":158,"column":55}},"24":{"start":{"line":161,"column":8},"end":{"line":161,"column":6708}},"25":{"start":{"line":162,"column":12},"end":{"line":162,"column":68}},"26":{"start":{"line":164,"column":12},"end":{"line":164,"column":55}},"27":{"start":{"line":165,"column":12},"end":{"line":165,"column":54}},"28":{"start":{"line":184,"column":8},"end":{"line":184,"column":57}},"29":{"start":{"line":185,"column":8},"end":{"line":185,"column":53}},"30":{"start":{"line":190,"column":8},"end":{"line":190,"column":56}},"31":{"start":{"line":192,"column":8},"end":{"line":192,"column":43}},"32":{"start":{"line":193,"column":8},"end":{"line":193,"column":48}},"33":{"start":{"line":197,"column":8},"end":{"line":197,"column":35}}},"branchMap":{"1":{"line":48,"type":"if","locations":[{"start":{"line":48,"column":8},"end":{"line":48,"column":8}},{"start":{"line":48,"column":8},"end":{"line":48,"column":8}}]},"2":{"line":67,"type":"if","locations":[{"start":{"line":67,"column":8},"end":{"line":67,"column":8}},{"start":{"line":67,"column":8},"end":{"line":67,"column":8}}]},"3":{"line":161,"type":"if","locations":[{"start":{"line":161,"column":8},"end":{"line":161,"column":8}},{"start":{"line":161,"column":8},"end":{"line":161,"column":8}}]}}},"contracts/debug/ERC721Full.sol":{"l":{},"path":"/home/noopur/Blockchain_Training/ERC721/contracts/debug/ERC721Full.sol","s":{},"b":{},"f":{"1":25},"fnMap":{"1":{"name":"constructor","line":14,"loc":{"start":{"line":14,"column":4},"end":{"line":14,"column":92}}}},"statementMap":{},"branchMap":{}},"contracts/debug/ERC721Holder.sol":{"l":{"7":0},"path":"/home/noopur/Blockchain_Training/ERC721/contracts/debug/ERC721Holder.sol","s":{"1":0},"b":{},"f":{"1":0},"fnMap":{"1":{"name":"onERC721Received","line":6,"loc":{"start":{"line":6,"column":4},"end":{"line":6,"column":92}}}},"statementMap":{"1":{"start":{"line":7,"column":8},"end":{"line":7,"column":45}}},"branchMap":{}},"contracts/debug/ERC721Metadata.sol":{"l":{"30":25,"31":25,"34":25,"42":1,"50":1,"59":2,"60":1,"70":32,"71":30,"82":4,"86":2,"87":1},"path":"/home/noopur/Blockchain_Training/ERC721/contracts/debug/ERC721Metadata.sol","s":{"1":25,"2":25,"3":25,"4":1,"5":1,"6":2,"7":1,"8":32,"9":30,"10":4,"11":2},"b":{"1":[1,1],"2":[30,2],"3":[1,1]},"f":{"1":25,"2":1,"3":1,"4":2,"5":32,"6":4},"fnMap":{"1":{"name":"constructor","line":29,"loc":{"start":{"line":29,"column":4},"end":{"line":29,"column":63}}},"2":{"name":"name","line":41,"loc":{"start":{"line":41,"column":4},"end":{"line":41,"column":55}}},"3":{"name":"symbol","line":49,"loc":{"start":{"line":49,"column":4},"end":{"line":49,"column":57}}},"4":{"name":"tokenURI","line":58,"loc":{"start":{"line":58,"column":4},"end":{"line":58,"column":74}}},"5":{"name":"_setTokenURI","line":69,"loc":{"start":{"line":69,"column":4},"end":{"line":69,"column":68}}},"6":{"name":"_burn","line":81,"loc":{"start":{"line":81,"column":4},"end":{"line":81,"column":57}}}},"statementMap":{"1":{"start":{"line":30,"column":8},"end":{"line":30,"column":19}},"2":{"start":{"line":31,"column":8},"end":{"line":31,"column":23}},"3":{"start":{"line":34,"column":8},"end":{"line":34,"column":56}},"4":{"start":{"line":42,"column":8},"end":{"line":42,"column":20}},"5":{"start":{"line":50,"column":8},"end":{"line":50,"column":22}},"6":{"start":{"line":59,"column":8},"end":{"line":59,"column":83}},"7":{"start":{"line":60,"column":8},"end":{"line":60,"column":34}},"8":{"start":{"line":70,"column":8},"end":{"line":70,"column":80}},"9":{"start":{"line":71,"column":8},"end":{"line":71,"column":32}},"10":{"start":{"line":82,"column":8},"end":{"line":82,"column":34}},"11":{"start":{"line":86,"column":8},"end":{"line":86,"column":2656}}},"branchMap":{"1":{"line":59,"type":"if","locations":[{"start":{"line":59,"column":8},"end":{"line":59,"column":8}},{"start":{"line":59,"column":8},"end":{"line":59,"column":8}}]},"2":{"line":70,"type":"if","locations":[{"start":{"line":70,"column":8},"end":{"line":70,"column":8}},{"start":{"line":70,"column":8},"end":{"line":70,"column":8}}]},"3":{"line":86,"type":"if","locations":[{"start":{"line":86,"column":8},"end":{"line":86,"column":8}},{"start":{"line":86,"column":8},"end":{"line":86,"column":8}}]}}},"contracts/debug/IERC165.sol":{"l":{},"path":"/home/noopur/Blockchain_Training/ERC721/contracts/debug/IERC165.sol","s":{},"b":{},"f":{},"fnMap":{},"statementMap":{},"branchMap":{}},"contracts/debug/IERC721.sol":{"l":{},"path":"/home/noopur/Blockchain_Training/ERC721/contracts/debug/IERC721.sol","s":{},"b":{},"f":{},"fnMap":{},"statementMap":{},"branchMap":{}},"contracts/debug/IERC721Enumerable.sol":{"l":{},"path":"/home/noopur/Blockchain_Training/ERC721/contracts/debug/IERC721Enumerable.sol","s":{},"b":{},"f":{},"fnMap":{},"statementMap":{},"branchMap":{}},"contracts/debug/IERC721Full.sol":{"l":{},"path":"/home/noopur/Blockchain_Training/ERC721/contracts/debug/IERC721Full.sol","s":{},"b":{},"f":{},"fnMap":{},"statementMap":{},"branchMap":{}},"contracts/debug/IERC721Metadata.sol":{"l":{},"path":"/home/noopur/Blockchain_Training/ERC721/contracts/debug/IERC721Metadata.sol","s":{},"b":{},"f":{},"fnMap":{},"statementMap":{},"branchMap":{}},"contracts/debug/IERC721Receiver.sol":{"l":{},"path":"/home/noopur/Blockchain_Training/ERC721/contracts/debug/IERC721Receiver.sol","s":{},"b":{},"f":{},"fnMap":{},"statementMap":{},"branchMap":{}},"contracts/debug/Math.sol":{"l":{"11":0,"18":0,"27":0},"path":"/home/noopur/Blockchain_Training/ERC721/contracts/debug/Math.sol","s":{"1":0,"2":0,"3":0},"b":{},"f":{"1":0,"2":0,"3":0},"fnMap":{"1":{"name":"max","line":10,"loc":{"start":{"line":10,"column":4},"end":{"line":10,"column":68}}},"2":{"name":"min","line":17,"loc":{"start":{"line":17,"column":4},"end":{"line":17,"column":68}}},"3":{"name":"average","line":25,"loc":{"start":{"line":25,"column":4},"end":{"line":25,"column":72}}}},"statementMap":{"1":{"start":{"line":11,"column":8},"end":{"line":11,"column":29}},"2":{"start":{"line":18,"column":8},"end":{"line":18,"column":28}},"3":{"start":{"line":27,"column":8},"end":{"line":27,"column":56}}},"branchMap":{}},"contracts/debug/SafeMath.sol":{"l":{"27":0,"28":0,"30":0,"43":14,"44":14,"46":14,"62":0,"63":0,"66":0,"67":0,"69":0,"85":0,"86":0,"89":0,"104":0,"105":0},"path":"/home/noopur/Blockchain_Training/ERC721/contracts/debug/SafeMath.sol","s":{"1":0,"2":0,"3":0,"4":14,"5":14,"6":14,"7":0,"8":0,"9":0,"10":0,"11":0,"12":0,"13":0,"14":0,"15":0,"16":0},"b":{"1":[0,0],"2":[14,0],"3":[0,0],"4":[0,0],"5":[0,0],"6":[0,0]},"f":{"1":0,"2":14,"3":0,"4":0,"5":0},"fnMap":{"1":{"name":"add","line":26,"loc":{"start":{"line":26,"column":4},"end":{"line":26,"column":68}}},"2":{"name":"sub","line":42,"loc":{"start":{"line":42,"column":4},"end":{"line":42,"column":68}}},"3":{"name":"mul","line":58,"loc":{"start":{"line":58,"column":4},"end":{"line":58,"column":68}}},"4":{"name":"div","line":83,"loc":{"start":{"line":83,"column":4},"end":{"line":83,"column":68}}},"5":{"name":"mod","line":103,"loc":{"start":{"line":103,"column":4},"end":{"line":103,"column":68}}}},"statementMap":{"1":{"start":{"line":27,"column":8},"end":{"line":27,"column":25}},"2":{"start":{"line":28,"column":8},"end":{"line":28,"column":53}},"3":{"start":{"line":30,"column":8},"end":{"line":30,"column":16}},"4":{"start":{"line":43,"column":8},"end":{"line":43,"column":56}},"5":{"start":{"line":44,"column":8},"end":{"line":44,"column":25}},"6":{"start":{"line":46,"column":8},"end":{"line":46,"column":16}},"7":{"start":{"line":62,"column":8},"end":{"line":62,"column":1996}},"8":{"start":{"line":63,"column":12},"end":{"line":63,"column":20}},"9":{"start":{"line":66,"column":8},"end":{"line":66,"column":25}},"10":{"start":{"line":67,"column":8},"end":{"line":67,"column":63}},"11":{"start":{"line":69,"column":8},"end":{"line":69,"column":16}},"12":{"start":{"line":85,"column":8},"end":{"line":85,"column":51}},"13":{"start":{"line":86,"column":8},"end":{"line":86,"column":25}},"14":{"start":{"line":89,"column":8},"end":{"line":89,"column":16}},"15":{"start":{"line":104,"column":8},"end":{"line":104,"column":50}},"16":{"start":{"line":105,"column":8},"end":{"line":105,"column":20}}},"branchMap":{"1":{"line":28,"type":"if","locations":[{"start":{"line":28,"column":8},"end":{"line":28,"column":8}},{"start":{"line":28,"column":8},"end":{"line":28,"column":8}}]},"2":{"line":43,"type":"if","locations":[{"start":{"line":43,"column":8},"end":{"line":43,"column":8}},{"start":{"line":43,"column":8},"end":{"line":43,"column":8}}]},"3":{"line":62,"type":"if","locations":[{"start":{"line":62,"column":8},"end":{"line":62,"column":8}},{"start":{"line":62,"column":8},"end":{"line":62,"column":8}}]},"4":{"line":67,"type":"if","locations":[{"start":{"line":67,"column":8},"end":{"line":67,"column":8}},{"start":{"line":67,"column":8},"end":{"line":67,"column":8}}]},"5":{"line":85,"type":"if","locations":[{"start":{"line":85,"column":8},"end":{"line":85,"column":8}},{"start":{"line":85,"column":8},"end":{"line":85,"column":8}}]},"6":{"line":104,"type":"if","locations":[{"start":{"line":104,"column":8},"end":{"line":104,"column":8}},{"start":{"line":104,"column":8},"end":{"line":104,"column":8}}]}}},"contracts/Myerc721.sol":{"l":{"24":34,"25":30,"29":1,"30":1,"34":1,"38":2,"42":2},"path":"/home/noopur/Blockchain_Training/ERC721/contracts/Myerc721.sol","s":{"1":34,"2":30,"3":1,"4":1,"5":1,"6":2,"7":2},"b":{},"f":{"1":25,"2":34,"3":1,"4":1,"5":2,"6":2},"fnMap":{"1":{"name":"constructor","line":11,"loc":{"start":{"line":11,"column":5},"end":{"line":13,"column":5}}},"2":{"name":"mintUniqueTokenTo","line":17,"loc":{"start":{"line":17,"column":4},"end":{"line":23,"column":5}}},"3":{"name":"testtokensOfOwner","line":28,"loc":{"start":{"line":28,"column":4},"end":{"line":28,"column":43}}},"4":{"name":"testRegisterInterface","line":33,"loc":{"start":{"line":33,"column":4},"end":{"line":33,"column":59}}},"5":{"name":"testInternalBurn","line":37,"loc":{"start":{"line":37,"column":4},"end":{"line":37,"column":64}}},"6":{"name":"testSetTokenURI","line":41,"loc":{"start":{"line":41,"column":4},"end":{"line":41,"column":67}}}},"statementMap":{"1":{"start":{"line":24,"column":8},"end":{"line":24,"column":27}},"2":{"start":{"line":25,"column":8},"end":{"line":25,"column":35}},"3":{"start":{"line":29,"column":8},"end":{"line":29,"column":86}},"4":{"start":{"line":30,"column":8},"end":{"line":30,"column":65}},"5":{"start":{"line":34,"column":8},"end":{"line":34,"column":39}},"6":{"start":{"line":38,"column":8},"end":{"line":38,"column":30}},"7":{"start":{"line":42,"column":8},"end":{"line":42,"column":35}}},"branchMap":{}},"contracts/testContract_V1.sol":{"l":{},"path":"/home/noopur/Blockchain_Training/ERC721/contracts/testContract_V1.sol","s":{},"b":{},"f":{},"fnMap":{},"statementMap":{},"branchMap":{}},"contracts/testContract.sol":{"l":{},"path":"/home/noopur/Blockchain_Training/ERC721/contracts/testContract.sol","s":{},"b":{},"f":{},"fnMap":{},"statementMap":{},"branchMap":{}}}